[0.007s] Invoking command in '/home/kelly/ros2_ws/build/cpp_pubsub': AMENT_PREFIX_PATH=/home/kelly/ros2_ws/install/tutorial_interfaces:${AMENT_PREFIX_PATH} CMAKE_PREFIX_PATH=/home/kelly/ros2_ws/install/tutorial_interfaces:/opt/ros/jazzy/opt/sdformat_vendor:/opt/ros/jazzy/opt/gz_math_vendor:/opt/ros/jazzy/opt/gz_utils_vendor:/opt/ros/jazzy/opt/gz_tools_vendor:/opt/ros/jazzy/opt/gz_cmake_vendor:/opt/ros/jazzy DEBUGINFOD_URLS=https://debuginfod.ubuntu.com LD_LIBRARY_PATH=/home/kelly/ros2_ws/install/tutorial_interfaces/lib:${LD_LIBRARY_PATH} PYTHONPATH=/home/kelly/ros2_ws/install/tutorial_interfaces/lib/python3.12/site-packages:${PYTHONPATH} /usr/bin/cmake --build /home/kelly/ros2_ws/build/cpp_pubsub -- -j32 -l32
[0.023s] -- Found ament_cmake: 2.5.4 (/opt/ros/jazzy/share/ament_cmake/cmake)
[0.162s] -- Found rclcpp: 28.1.11 (/opt/ros/jazzy/share/rclcpp/cmake)
[0.174s] -- Found rosidl_generator_c: 4.6.6 (/opt/ros/jazzy/share/rosidl_generator_c/cmake)
[0.178s] -- Found rosidl_generator_cpp: 4.6.6 (/opt/ros/jazzy/share/rosidl_generator_cpp/cmake)
[0.183s] -- Using all available rosidl_typesupport_c: rosidl_typesupport_fastrtps_c;rosidl_typesupport_introspection_c
[0.188s] -- Using all available rosidl_typesupport_cpp: rosidl_typesupport_fastrtps_cpp;rosidl_typesupport_introspection_cpp
[0.216s] -- Found rmw_implementation_cmake: 7.3.2 (/opt/ros/jazzy/share/rmw_implementation_cmake/cmake)
[0.217s] -- Found rmw_fastrtps_cpp: 8.4.3 (/opt/ros/jazzy/share/rmw_fastrtps_cpp/cmake)
[0.253s] -- Using RMW implementation 'rmw_fastrtps_cpp' as default
[0.290s] -- Found tutorial_interfaces: 0.0.0 (/home/kelly/ros2_ws/install/tutorial_interfaces/share/tutorial_interfaces/cmake)
[0.354s] -- Configuring done (0.3s)
[0.361s] -- Generating done (0.0s)
[0.364s] -- Build files have been written to: /home/kelly/ros2_ws/build/cpp_pubsub
[0.394s] [ 33%] Built target talker
[0.395s] [ 66%] Built target listener
[0.395s] [ 83%] [32mBuilding CXX object CMakeFiles/listener_with_topic_statistics.dir/src/member_function_with_topic_statistics.cpp.o[0m
[1.231s] [01m[K/home/kelly/ros2_ws/src/cpp_pubsub/src/member_function_with_topic_statistics.cpp:52:24:[m[K [01;31m[Kerror: [m[Kâ€˜[01m[Kstd_msgs[m[Kâ€™ was not declared in this scope
[1.231s]    52 |   rclcpp::Subscription<[01;31m[Kstd_msgs[m[K::msg::String>::SharedPtr subscription_;
[1.231s]       |                        [01;31m[K^~~~~~~~[m[K
[1.231s] [01m[K/home/kelly/ros2_ws/src/cpp_pubsub/src/member_function_with_topic_statistics.cpp:52:45:[m[K [01;31m[Kerror: [m[Ktemplate argument 1 is invalid
[1.231s]    52 |   rclcpp::Subscription<std_msgs::msg::String[01;31m[K>[m[K::SharedPtr subscription_;
[1.231s]       |                                             [01;31m[K^[m[K
[1.231s] [01m[K/home/kelly/ros2_ws/src/cpp_pubsub/src/member_function_with_topic_statistics.cpp:52:45:[m[K [01;31m[Kerror: [m[Ktemplate argument 3 is invalid
[1.231s] [01m[K/home/kelly/ros2_ws/src/cpp_pubsub/src/member_function_with_topic_statistics.cpp:52:45:[m[K [01;31m[Kerror: [m[Ktemplate argument 4 is invalid
[1.231s] [01m[K/home/kelly/ros2_ws/src/cpp_pubsub/src/member_function_with_topic_statistics.cpp:52:45:[m[K [01;31m[Kerror: [m[Ktemplate argument 5 is invalid
[1.232s] [01m[K/home/kelly/ros2_ws/src/cpp_pubsub/src/member_function_with_topic_statistics.cpp:52:48:[m[K [01;31m[Kerror: [m[Kexpected â€˜[01m[K;[m[Kâ€™ at end of member declaration
[1.232s]    52 |   rclcpp::Subscription<std_msgs::msg::String>::[01;31m[KSharedPtr[m[K subscription_;
[1.232s]       |                                                [01;31m[K^~~~~~~~~[m[K
[1.232s]       |                                                         [32m[K;[m[K
[1.234s] [01m[K/home/kelly/ros2_ws/src/cpp_pubsub/src/member_function_with_topic_statistics.cpp:52:58:[m[K [01;31m[Kerror: [m[Kâ€˜[01m[Ksubscription_[m[Kâ€™ does not name a type; did you mean â€˜[01m[Krmw_subscription_t[m[Kâ€™?
[1.234s]    52 |   rclcpp::Subscription<std_msgs::msg::String>::SharedPtr [01;31m[Ksubscription_[m[K;
[1.234s]       |                                                          [01;31m[K^~~~~~~~~~~~~[m[K
[1.234s]       |                                                          [32m[Krmw_subscription_t[m[K
[1.238s] [01m[K/home/kelly/ros2_ws/src/cpp_pubsub/src/member_function_with_topic_statistics.cpp:[m[K In constructor â€˜[01m[KMinimalSubscriberWithTopicStatistics::[01;32m[KMinimalSubscriberWithTopicStatistics[m[K()[m[Kâ€™:
[1.238s] [01m[K/home/kelly/ros2_ws/src/cpp_pubsub/src/member_function_with_topic_statistics.cpp:43:5:[m[K [01;31m[Kerror: [m[Kâ€˜[01m[Ksubscription_[m[Kâ€™ was not declared in this scope; did you mean â€˜[01m[Krmw_subscription_t[m[Kâ€™?
[1.238s]    43 |     [01;31m[Ksubscription_[m[K = this->create_subscription<std_msgs::msg::String>(
[1.239s]       |     [01;31m[K^~~~~~~~~~~~~[m[K
[1.239s]       |     [32m[Krmw_subscription_t[m[K
[1.241s] [01m[K/home/kelly/ros2_ws/src/cpp_pubsub/src/member_function_with_topic_statistics.cpp:43:47:[m[K [01;31m[Kerror: [m[Kâ€˜[01m[Kstd_msgs[m[Kâ€™ was not declared in this scope
[1.241s]    43 |     subscription_ = this->create_subscription<[01;31m[Kstd_msgs[m[K::msg::String>(
[1.242s]       |                                               [01;31m[K^~~~~~~~[m[K
[1.242s] [01m[K/home/kelly/ros2_ws/src/cpp_pubsub/src/member_function_with_topic_statistics.cpp:43:27:[m[K [01;31m[Kerror: [m[Kparse error in template argument list
[1.242s]    43 |     subscription_ = this->[01;31m[Kcreate_subscription<std_msgs::msg::String>[m[K(
[1.242s]       |                           [01;31m[K^~~~~~~~~~~~~~~~~~~~~~~~~~~~~~~~~~~~~~~~~~[m[K
[1.242s] [01m[K/home/kelly/ros2_ws/src/cpp_pubsub/src/member_function_with_topic_statistics.cpp:43:69:[m[K [01;31m[Kerror: [m[Kno matching function for call to â€˜[01m[KMinimalSubscriberWithTopicStatistics::create_subscription<<expression error> >(const char [6], int, MinimalSubscriberWithTopicStatistics::MinimalSubscriberWithTopicStatistics()::<lambda(const tutorial_interfaces::msg::Num&)>&, rclcpp::SubscriptionOptionsWithAllocator<std::allocator<void> >&)[m[Kâ€™
[1.242s]    43 |     subscription_ = [01;31m[Kthis->create_subscription<std_msgs::msg::String>([m[K
[1.242s]       |                     [01;31m[K~~~~~~~~~~~~~~~~~~~~~~~~~~~~~~~~~~~~~~~~~~~~~~~~^[m[K
[1.242s]    44 | [01;31m[K      "topic", 10, callback, options)[m[K;
[1.242s]       |       [01;31m[K~~~~~~~~~~~~~~~~~~~~~~~~~~~~~~~[m[K                                
[1.242s] In file included from [01m[K/opt/ros/jazzy/include/rclcpp/rclcpp/executors/single_threaded_executor.hpp:28[m[K,
[1.242s]                  from [01m[K/opt/ros/jazzy/include/rclcpp/rclcpp/executors.hpp:22[m[K,
[1.242s]                  from [01m[K/opt/ros/jazzy/include/rclcpp/rclcpp/rclcpp.hpp:172[m[K,
[1.242s]                  from [01m[K/home/kelly/ros2_ws/src/cpp_pubsub/src/member_function_with_topic_statistics.cpp:18[m[K:
[1.242s] [01m[K/opt/ros/jazzy/include/rclcpp/rclcpp/node.hpp:221:3:[m[K [01;36m[Knote: [m[Kcandidate: â€˜[01m[Ktemplate<class MessageT, class CallbackT, class AllocatorT, class SubscriptionT, class MessageMemoryStrategyT> std::shared_ptr<ROSMessageT> rclcpp::Node::[01;32m[Kcreate_subscription[m[K(const std::string&, const rclcpp::QoS&, CallbackT&&, const rclcpp::SubscriptionOptionsWithAllocator<AllocatorT>&, typename MessageMemoryStrategyT::SharedPtr)[m[Kâ€™
[1.242s]   221 |   [01;36m[Kcreate_subscription[m[K(
[1.242s]       |   [01;36m[K^~~~~~~~~~~~~~~~~~~[m[K
[1.242s] [01m[K/opt/ros/jazzy/include/rclcpp/rclcpp/node.hpp:221:3:[m[K [01;36m[Knote: [m[K  template argument deduction/substitution failed:
[1.242s] [01m[K/home/kelly/ros2_ws/src/cpp_pubsub/src/member_function_with_topic_statistics.cpp:43:69:[m[K [01;31m[Kerror: [m[Ktemplate argument 1 is invalid
[1.242s]    43 |     subscription_ = [01;31m[Kthis->create_subscription<std_msgs::msg::String>([m[K
[1.242s]       |                     [01;31m[K~~~~~~~~~~~~~~~~~~~~~~~~~~~~~~~~~~~~~~~~~~~~~~~~^[m[K
[1.242s]    44 | [01;31m[K      "topic", 10, callback, options)[m[K;
[1.242s]       |       [01;31m[K~~~~~~~~~~~~~~~~~~~~~~~~~~~~~~~[m[K                                
[1.492s] gmake[2]: *** [CMakeFiles/listener_with_topic_statistics.dir/build.make:76: CMakeFiles/listener_with_topic_statistics.dir/src/member_function_with_topic_statistics.cpp.o] Error 1
[1.492s] gmake[1]: *** [CMakeFiles/Makefile2:193: CMakeFiles/listener_with_topic_statistics.dir/all] Error 2
[1.493s] gmake: *** [Makefile:146: all] Error 2
[1.494s] Invoked command in '/home/kelly/ros2_ws/build/cpp_pubsub' returned '2': AMENT_PREFIX_PATH=/home/kelly/ros2_ws/install/tutorial_interfaces:${AMENT_PREFIX_PATH} CMAKE_PREFIX_PATH=/home/kelly/ros2_ws/install/tutorial_interfaces:/opt/ros/jazzy/opt/sdformat_vendor:/opt/ros/jazzy/opt/gz_math_vendor:/opt/ros/jazzy/opt/gz_utils_vendor:/opt/ros/jazzy/opt/gz_tools_vendor:/opt/ros/jazzy/opt/gz_cmake_vendor:/opt/ros/jazzy DEBUGINFOD_URLS=https://debuginfod.ubuntu.com LD_LIBRARY_PATH=/home/kelly/ros2_ws/install/tutorial_interfaces/lib:${LD_LIBRARY_PATH} PYTHONPATH=/home/kelly/ros2_ws/install/tutorial_interfaces/lib/python3.12/site-packages:${PYTHONPATH} /usr/bin/cmake --build /home/kelly/ros2_ws/build/cpp_pubsub -- -j32 -l32
