[0.008s] Invoking command in '/home/kelly/ros2_ws/build/cpp_pubsub': AMENT_PREFIX_PATH=/home/kelly/ros2_ws/install/tutorial_interfaces:${AMENT_PREFIX_PATH} CMAKE_PREFIX_PATH=/home/kelly/ros2_ws/install/tutorial_interfaces:/opt/ros/jazzy/opt/sdformat_vendor:/opt/ros/jazzy/opt/gz_math_vendor:/opt/ros/jazzy/opt/gz_utils_vendor:/opt/ros/jazzy/opt/gz_tools_vendor:/opt/ros/jazzy/opt/gz_cmake_vendor:/opt/ros/jazzy DEBUGINFOD_URLS=https://debuginfod.ubuntu.com LD_LIBRARY_PATH=/home/kelly/ros2_ws/install/tutorial_interfaces/lib:${LD_LIBRARY_PATH} PYTHONPATH=/home/kelly/ros2_ws/install/tutorial_interfaces/lib/python3.12/site-packages:${PYTHONPATH} /usr/bin/cmake --build /home/kelly/ros2_ws/build/cpp_pubsub -- -j32 -l32
[0.042s] [ 33%] Built target listener
[0.043s] [ 66%] Built target talker
[0.044s] [ 83%] [32mBuilding CXX object CMakeFiles/listener_with_topic_statistics.dir/src/member_function_with_topic_statistics.cpp.o[0m
[0.870s] [01m[K/home/kelly/ros2_ws/src/cpp_pubsub/src/member_function_with_topic_statistics.cpp:52:24:[m[K [01;31m[Kerror: [m[Kâ€˜[01m[Kstd_msgs[m[Kâ€™ was not declared in this scope
[0.870s]    52 |   rclcpp::Subscription<[01;31m[Kstd_msgs[m[K::msg::String>::SharedPtr subscription_;
[0.870s]       |                        [01;31m[K^~~~~~~~[m[K
[0.870s] [01m[K/home/kelly/ros2_ws/src/cpp_pubsub/src/member_function_with_topic_statistics.cpp:52:45:[m[K [01;31m[Kerror: [m[Ktemplate argument 1 is invalid
[0.871s]    52 |   rclcpp::Subscription<std_msgs::msg::String[01;31m[K>[m[K::SharedPtr subscription_;
[0.871s]       |                                             [01;31m[K^[m[K
[0.871s] [01m[K/home/kelly/ros2_ws/src/cpp_pubsub/src/member_function_with_topic_statistics.cpp:52:45:[m[K [01;31m[Kerror: [m[Ktemplate argument 3 is invalid
[0.871s] [01m[K/home/kelly/ros2_ws/src/cpp_pubsub/src/member_function_with_topic_statistics.cpp:52:45:[m[K [01;31m[Kerror: [m[Ktemplate argument 4 is invalid
[0.871s] [01m[K/home/kelly/ros2_ws/src/cpp_pubsub/src/member_function_with_topic_statistics.cpp:52:45:[m[K [01;31m[Kerror: [m[Ktemplate argument 5 is invalid
[0.871s] [01m[K/home/kelly/ros2_ws/src/cpp_pubsub/src/member_function_with_topic_statistics.cpp:52:48:[m[K [01;31m[Kerror: [m[Kexpected â€˜[01m[K;[m[Kâ€™ at end of member declaration
[0.871s]    52 |   rclcpp::Subscription<std_msgs::msg::String>::[01;31m[KSharedPtr[m[K subscription_;
[0.871s]       |                                                [01;31m[K^~~~~~~~~[m[K
[0.871s]       |                                                         [32m[K;[m[K
[0.871s] [01m[K/home/kelly/ros2_ws/src/cpp_pubsub/src/member_function_with_topic_statistics.cpp:52:58:[m[K [01;31m[Kerror: [m[Kâ€˜[01m[Ksubscription_[m[Kâ€™ does not name a type; did you mean â€˜[01m[Krmw_subscription_t[m[Kâ€™?
[0.871s]    52 |   rclcpp::Subscription<std_msgs::msg::String>::SharedPtr [01;31m[Ksubscription_[m[K;
[0.871s]       |                                                          [01;31m[K^~~~~~~~~~~~~[m[K
[0.871s]       |                                                          [32m[Krmw_subscription_t[m[K
[0.876s] [01m[K/home/kelly/ros2_ws/src/cpp_pubsub/src/member_function_with_topic_statistics.cpp:[m[K In constructor â€˜[01m[KMinimalSubscriberWithTopicStatistics::[01;32m[KMinimalSubscriberWithTopicStatistics[m[K()[m[Kâ€™:
[0.876s] [01m[K/home/kelly/ros2_ws/src/cpp_pubsub/src/member_function_with_topic_statistics.cpp:43:5:[m[K [01;31m[Kerror: [m[Kâ€˜[01m[Ksubscription_[m[Kâ€™ was not declared in this scope; did you mean â€˜[01m[Krmw_subscription_t[m[Kâ€™?
[0.876s]    43 |     [01;31m[Ksubscription_[m[K = this->create_subscription<tutorial_interfaces::msg::Num>(
[0.876s]       |     [01;31m[K^~~~~~~~~~~~~[m[K
[0.876s]       |     [32m[Krmw_subscription_t[m[K
[1.634s] gmake[2]: *** [CMakeFiles/listener_with_topic_statistics.dir/build.make:76: CMakeFiles/listener_with_topic_statistics.dir/src/member_function_with_topic_statistics.cpp.o] Error 1
[1.634s] gmake[1]: *** [CMakeFiles/Makefile2:193: CMakeFiles/listener_with_topic_statistics.dir/all] Error 2
[1.635s] gmake: *** [Makefile:146: all] Error 2
[1.636s] Invoked command in '/home/kelly/ros2_ws/build/cpp_pubsub' returned '2': AMENT_PREFIX_PATH=/home/kelly/ros2_ws/install/tutorial_interfaces:${AMENT_PREFIX_PATH} CMAKE_PREFIX_PATH=/home/kelly/ros2_ws/install/tutorial_interfaces:/opt/ros/jazzy/opt/sdformat_vendor:/opt/ros/jazzy/opt/gz_math_vendor:/opt/ros/jazzy/opt/gz_utils_vendor:/opt/ros/jazzy/opt/gz_tools_vendor:/opt/ros/jazzy/opt/gz_cmake_vendor:/opt/ros/jazzy DEBUGINFOD_URLS=https://debuginfod.ubuntu.com LD_LIBRARY_PATH=/home/kelly/ros2_ws/install/tutorial_interfaces/lib:${LD_LIBRARY_PATH} PYTHONPATH=/home/kelly/ros2_ws/install/tutorial_interfaces/lib/python3.12/site-packages:${PYTHONPATH} /usr/bin/cmake --build /home/kelly/ros2_ws/build/cpp_pubsub -- -j32 -l32
