[01m[K/home/kelly/ros2_ws/src/polygon_plugins/src/polygon_plugins.cpp:6:24:[m[K [01;31m[Kerror: [m[Kâ€˜[01m[Kpolygon_base[m[Kâ€™ has not been declared
    6 |  class Square : public [01;31m[Kpolygon_base[m[K::RegularPolygon {
      |                        [01;31m[K^~~~~~~~~~~~[m[K
[01m[K/home/kelly/ros2_ws/src/polygon_plugins/src/polygon_plugins.cpp:6:38:[m[K [01;31m[Kerror: [m[Kexpected â€˜[01m[K{[m[Kâ€™ before â€˜[01m[KRegularPolygon[m[Kâ€™
    6 |  class Square : public polygon_base::[01;31m[KRegularPolygon[m[K {
      |                                      [01;31m[K^~~~~~~~~~~~~~[m[K
[01m[K/home/kelly/ros2_ws/src/polygon_plugins/src/polygon_plugins.cpp:7:4:[m[K [01;31m[Kerror: [m[Kexpected primary-expression before â€˜[01m[Kpublic[m[Kâ€™
    7 |    [01;31m[Kpublic[m[K:
      |    [01;31m[K^~~~~~[m[K
[01m[K/home/kelly/ros2_ws/src/polygon_plugins/src/polygon_plugins.cpp:7:4:[m[K [01;31m[Kerror: [m[Kexpected â€˜[01m[K}[m[Kâ€™ before â€˜[01m[Kpublic[m[Kâ€™
[01m[K/home/kelly/ros2_ws/src/polygon_plugins/src/polygon_plugins.cpp:6:53:[m[K [01;36m[Knote: [m[Kto match this â€˜[01m[K{[m[Kâ€™
    6 |  class Square : public polygon_base::RegularPolygon [01;36m[K{[m[K
      |                                                     [01;36m[K^[m[K
[01m[K/home/kelly/ros2_ws/src/polygon_plugins/src/polygon_plugins.cpp:12:26:[m[K [01;31m[Kerror: [m[Kvirt-specifiers in â€˜[01m[Karea[m[Kâ€™ not allowed outside a class definition
   12 |            double area() [01;31m[Koverride[m[K
      |                          [01;31m[K^~~~~~~~[m[K
[01m[K/home/kelly/ros2_ws/src/polygon_plugins/src/polygon_plugins.cpp:[m[K In function â€˜[01m[Kdouble polygon_plugins::[01;32m[Karea[m[K()[m[Kâ€™:
[01m[K/home/kelly/ros2_ws/src/polygon_plugins/src/polygon_plugins.cpp:14:27:[m[K [01;31m[Kerror: [m[Kâ€˜[01m[Kside_length_[m[Kâ€™ was not declared in this scope
   14 |                    return [01;31m[Kside_length_[m[K * side_length_;
      |                           [01;31m[K^~~~~~~~~~~~[m[K
[01m[K/home/kelly/ros2_ws/src/polygon_plugins/src/polygon_plugins.cpp:[m[K At global scope:
[01m[K/home/kelly/ros2_ws/src/polygon_plugins/src/polygon_plugins.cpp:17:5:[m[K [01;31m[Kerror: [m[Kexpected unqualified-id before â€˜[01m[Kprotected[m[Kâ€™
   17 |     [01;31m[Kprotected[m[K:
      |     [01;31m[K^~~~~~~~~[m[K
[01m[K/home/kelly/ros2_ws/src/polygon_plugins/src/polygon_plugins.cpp:21:26:[m[K [01;31m[Kerror: [m[Kâ€˜[01m[Kpolygon_base[m[Kâ€™ has not been declared
   21 |  class Triangle : public [01;31m[Kpolygon_base[m[K::RegularPolygon {
      |                          [01;31m[K^~~~~~~~~~~~[m[K
[01m[K/home/kelly/ros2_ws/src/polygon_plugins/src/polygon_plugins.cpp:21:40:[m[K [01;31m[Kerror: [m[Kexpected â€˜[01m[K{[m[Kâ€™ before â€˜[01m[KRegularPolygon[m[Kâ€™
   21 |  class Triangle : public polygon_base::[01;31m[KRegularPolygon[m[K {
      |                                        [01;31m[K^~~~~~~~~~~~~~[m[K
[01m[K/home/kelly/ros2_ws/src/polygon_plugins/src/polygon_plugins.cpp:23:10:[m[K [01;31m[Kerror: [m[Kexpected primary-expression before â€˜[01m[Kpublic[m[Kâ€™
   23 |          [01;31m[Kpublic[m[K:
      |          [01;31m[K^~~~~~[m[K
[01m[K/home/kelly/ros2_ws/src/polygon_plugins/src/polygon_plugins.cpp:23:10:[m[K [01;31m[Kerror: [m[Kexpected â€˜[01m[K}[m[Kâ€™ before â€˜[01m[Kpublic[m[Kâ€™
[01m[K/home/kelly/ros2_ws/src/polygon_plugins/src/polygon_plugins.cpp:21:55:[m[K [01;36m[Knote: [m[Kto match this â€˜[01m[K{[m[Kâ€™
   21 |  class Triangle : public polygon_base::RegularPolygon [01;36m[K{[m[K
      |                                                       [01;36m[K^[m[K
[01m[K/home/kelly/ros2_ws/src/polygon_plugins/src/polygon_plugins.cpp:28:32:[m[K [01;31m[Kerror: [m[Kvirt-specifiers in â€˜[01m[Karea[m[Kâ€™ not allowed outside a class definition
   28 |                  double area() [01;31m[Koverride[m[K {
      |                                [01;31m[K^~~~~~~~[m[K
[01m[K/home/kelly/ros2_ws/src/polygon_plugins/src/polygon_plugins.cpp:[m[K In function â€˜[01m[Kdouble[01;32m[K area[m[K()[m[Kâ€™:
[01m[K/home/kelly/ros2_ws/src/polygon_plugins/src/polygon_plugins.cpp:29:32:[m[K [01;31m[Kerror: [m[Kâ€˜[01m[Kside_length_[m[Kâ€™ was not declared in this scope
   29 |                   return 0.5 * [01;31m[Kside_length_[m[K * getHeight();
      |                                [01;31m[K^~~~~~~~~~~~[m[K
[01m[K/home/kelly/ros2_ws/src/polygon_plugins/src/polygon_plugins.cpp:29:47:[m[K [01;31m[Kerror: [m[Kâ€˜[01m[KgetHeight[m[Kâ€™ was not declared in this scope
   29 |                   return 0.5 * side_length_ * [01;31m[KgetHeight[m[K();
      |                                               [01;31m[K^~~~~~~~~[m[K
[01m[K/home/kelly/ros2_ws/src/polygon_plugins/src/polygon_plugins.cpp:[m[K In function â€˜[01m[Kdouble[01;32m[K getHeight[m[K()[m[Kâ€™:
[01m[K/home/kelly/ros2_ws/src/polygon_plugins/src/polygon_plugins.cpp:33:32:[m[K [01;31m[Kerror: [m[Kâ€˜[01m[Kside_length_[m[Kâ€™ was not declared in this scope
   33 |                   return sqrt(([01;31m[Kside_length_[m[K * side_length_) - ((side_length_ / 2) * (side_length_ / 2)));
      |                                [01;31m[K^~~~~~~~~~~~[m[K
[01m[K/home/kelly/ros2_ws/src/polygon_plugins/src/polygon_plugins.cpp:[m[K At global scope:
[01m[K/home/kelly/ros2_ws/src/polygon_plugins/src/polygon_plugins.cpp:36:9:[m[K [01;31m[Kerror: [m[Kexpected unqualified-id before â€˜[01m[Kprotected[m[Kâ€™
   36 |         [01;31m[Kprotected[m[K:
      |         [01;31m[K^~~~~~~~~[m[K
[01m[K/home/kelly/ros2_ws/src/polygon_plugins/src/polygon_plugins.cpp:38:2:[m[K [01;31m[Kerror: [m[Kexpected declaration before â€˜[01m[K}[m[Kâ€™ token
   38 |  [01;31m[K}[m[K;
      |  [01;31m[K^[m[K
[01m[K/home/kelly/ros2_ws/src/polygon_plugins/src/polygon_plugins.cpp:40:1:[m[K [01;31m[Kerror: [m[Kexpected declaration before â€˜[01m[K}[m[Kâ€™ token
   40 | [01;31m[K}[m[K// namespace polygon_plugins
      | [01;31m[K^[m[K
In file included from [01m[K/opt/ros/jazzy/include/class_loader/class_loader/class_loader.hpp:56[m[K,
                 from [01m[K/opt/ros/jazzy/include/pluginlib/pluginlib/class_list_macros.hpp:40[m[K,
                 from [01m[K/home/kelly/ros2_ws/src/polygon_plugins/src/polygon_plugins.cpp:43[m[K:
[01m[K/home/kelly/ros2_ws/src/polygon_plugins/src/polygon_plugins.cpp:45:49:[m[K [01;31m[Kerror: [m[Kâ€˜[01m[Kpolygon_base[m[Kâ€™ does not name a type
   45 | PLUGINLIB_EXPORT_CLASS(polygon_plugins::Square, [01;31m[Kpolygon_base[m[K::RegularPolygon)
      |                                                 [01;31m[K^~~~~~~~~~~~[m[K
[01m[K/home/kelly/ros2_ws/src/polygon_plugins/src/polygon_plugins.cpp:[m[K In constructor â€˜[01m[K{anonymous}::ProxyExec0::[01;32m[KProxyExec0[m[K()[m[Kâ€™:
[01m[K/home/kelly/ros2_ws/src/polygon_plugins/src/polygon_plugins.cpp:45:1:[m[K [01;31m[Kerror: [m[Kâ€˜[01m[K_base[m[Kâ€™ was not declared in this scope; did you mean â€˜[01m[K__bases[m[Kâ€™?
   45 | [01;31m[KPLUGINLIB_EXPORT_CLASS[m[K(polygon_plugins::Square, polygon_base::RegularPolygon)
      | [01;31m[K^~~~~~~~~~~~~~~~~~~~~~[m[K
[01m[K/home/kelly/ros2_ws/src/polygon_plugins/src/polygon_plugins.cpp:45:1:[m[K [01;31m[Kerror: [m[Kno matching function for call to â€˜[01m[KregisterPlugin<{anonymous}::ProxyExec0::_derived, <expression error> >(const char [24], const char [29])[m[Kâ€™
   45 | [01;31m[KPLUGINLIB_EXPORT_CLASS[m[K(polygon_plugins::Square, polygon_base::RegularPolygon)
      | [01;31m[K^~~~~~~~~~~~~~~~~~~~~~[m[K
In file included from [01m[K/opt/ros/jazzy/include/class_loader/class_loader/class_loader.hpp:55[m[K:
[01m[K/opt/ros/jazzy/include/class_loader/class_loader/class_loader_core.hpp:241:1:[m[K [01;36m[Knote: [m[Kcandidate: â€˜[01m[Ktemplate<class Derived, class Base> class_loader::impl::UniquePtr<class_loader::impl::AbstractMetaObjectBase> class_loader::impl::[01;32m[KregisterPlugin[m[K(const std::string&, const std::string&)[m[Kâ€™
  241 | [01;36m[KregisterPlugin[m[K(const std::string & class_name, const std::string & base_class_name)
      | [01;36m[K^~~~~~~~~~~~~~[m[K
[01m[K/opt/ros/jazzy/include/class_loader/class_loader/class_loader_core.hpp:241:1:[m[K [01;36m[Knote: [m[K  template argument deduction/substitution failed:
[01m[K/home/kelly/ros2_ws/src/polygon_plugins/src/polygon_plugins.cpp:45:1:[m[K [01;31m[Kerror: [m[Ktemplate argument 2 is invalid
   45 | [01;31m[KPLUGINLIB_EXPORT_CLASS[m[K(polygon_plugins::Square, polygon_base::RegularPolygon)
      | [01;31m[K^~~~~~~~~~~~~~~~~~~~~~[m[K
[01m[K/home/kelly/ros2_ws/src/polygon_plugins/src/polygon_plugins.cpp:[m[K At global scope:
[01m[K/home/kelly/ros2_ws/src/polygon_plugins/src/polygon_plugins.cpp:46:41:[m[K [01;31m[Kerror: [m[Kâ€˜[01m[KTriangle[m[Kâ€™ in namespace â€˜[01m[Kpolygon_plugins[m[Kâ€™ does not name a type
   46 | PLUGINLIB_EXPORT_CLASS(polygon_plugins::[01;31m[KTriangle[m[K, polygon_base::RegularPolygon)
      |                                         [01;31m[K^~~~~~~~[m[K
[01m[K/home/kelly/ros2_ws/src/polygon_plugins/src/polygon_plugins.cpp:46:51:[m[K [01;31m[Kerror: [m[Kâ€˜[01m[Kpolygon_base[m[Kâ€™ does not name a type
   46 | PLUGINLIB_EXPORT_CLASS(polygon_plugins::Triangle, [01;31m[Kpolygon_base[m[K::RegularPolygon)
      |                                                   [01;31m[K^~~~~~~~~~~~[m[K
[01m[K/home/kelly/ros2_ws/src/polygon_plugins/src/polygon_plugins.cpp:[m[K In constructor â€˜[01m[K{anonymous}::ProxyExec1::[01;32m[KProxyExec1[m[K()[m[Kâ€™:
[01m[K/home/kelly/ros2_ws/src/polygon_plugins/src/polygon_plugins.cpp:46:1:[m[K [01;31m[Kerror: [m[Kâ€˜[01m[K_derived[m[Kâ€™ was not declared in this scope
   46 | [01;31m[KPLUGINLIB_EXPORT_CLASS[m[K(polygon_plugins::Triangle, polygon_base::RegularPolygon)
      | [01;31m[K^~~~~~~~~~~~~~~~~~~~~~[m[K
[01m[K/home/kelly/ros2_ws/src/polygon_plugins/src/polygon_plugins.cpp:46:1:[m[K [01;31m[Kerror: [m[Kâ€˜[01m[K_base[m[Kâ€™ was not declared in this scope; did you mean â€˜[01m[K__bases[m[Kâ€™?
   46 | [01;31m[KPLUGINLIB_EXPORT_CLASS[m[K(polygon_plugins::Triangle, polygon_base::RegularPolygon)
      | [01;31m[K^~~~~~~~~~~~~~~~~~~~~~[m[K
[01m[K/home/kelly/ros2_ws/src/polygon_plugins/src/polygon_plugins.cpp:46:1:[m[K [01;31m[Kerror: [m[Kno matching function for call to â€˜[01m[KregisterPlugin<<expression error>, <expression error> >(const char [26], const char [29])[m[Kâ€™
   46 | [01;31m[KPLUGINLIB_EXPORT_CLASS[m[K(polygon_plugins::Triangle, polygon_base::RegularPolygon)
      | [01;31m[K^~~~~~~~~~~~~~~~~~~~~~[m[K
[01m[K/opt/ros/jazzy/include/class_loader/class_loader/class_loader_core.hpp:241:1:[m[K [01;36m[Knote: [m[Kcandidate: â€˜[01m[Ktemplate<class Derived, class Base> class_loader::impl::UniquePtr<class_loader::impl::AbstractMetaObjectBase> class_loader::impl::[01;32m[KregisterPlugin[m[K(const std::string&, const std::string&)[m[Kâ€™
  241 | [01;36m[KregisterPlugin[m[K(const std::string & class_name, const std::string & base_class_name)
      | [01;36m[K^~~~~~~~~~~~~~[m[K
[01m[K/opt/ros/jazzy/include/class_loader/class_loader/class_loader_core.hpp:241:1:[m[K [01;36m[Knote: [m[K  template argument deduction/substitution failed:
[01m[K/home/kelly/ros2_ws/src/polygon_plugins/src/polygon_plugins.cpp:46:1:[m[K [01;31m[Kerror: [m[Ktemplate argument 1 is invalid
   46 | [01;31m[KPLUGINLIB_EXPORT_CLASS[m[K(polygon_plugins::Triangle, polygon_base::RegularPolygon)
      | [01;31m[K^~~~~~~~~~~~~~~~~~~~~~[m[K
[01m[K/home/kelly/ros2_ws/src/polygon_plugins/src/polygon_plugins.cpp:46:1:[m[K [01;31m[Kerror: [m[Ktemplate argument 2 is invalid
gmake[2]: *** [CMakeFiles/polygon_plugins.dir/build.make:76: CMakeFiles/polygon_plugins.dir/src/polygon_plugins.cpp.o] Error 1
gmake[1]: *** [CMakeFiles/Makefile2:137: CMakeFiles/polygon_plugins.dir/all] Error 2
gmake: *** [Makefile:146: all] Error 2
