[0.004s] Invoking command in '/home/kelly/ros2_ws/build/polygon_plugins': AMENT_PREFIX_PATH=/home/kelly/ros2_ws/install/polygon_base:${AMENT_PREFIX_PATH} CMAKE_PREFIX_PATH=/home/kelly/ros2_ws/install/polygon_base:/home/kelly/ros2_ws/install/tutorial_interfaces:/home/kelly/ros2_ws/install/more_interfaces:/home/kelly/ros2_ws/install/cpp_parameters:/home/kelly/ros2_ws/install/cpp_srvcli:/home/kelly/ros2_ws/install/turtlesim:/home/kelly/ros2_ws/install/my_package:/home/kelly/ros2_ws/install/cpp_pubsub:/opt/ros/jazzy/opt/sdformat_vendor:/opt/ros/jazzy/opt/gz_math_vendor:/opt/ros/jazzy/opt/gz_utils_vendor:/opt/ros/jazzy/opt/gz_tools_vendor:/opt/ros/jazzy/opt/gz_cmake_vendor:/home/kelly/ros2_ws/install/py_pubsub:/opt/ros/jazzy DEBUGINFOD_URLS=https://debuginfod.ubuntu.com /usr/bin/cmake /home/kelly/ros2_ws/src/polygon_plugins -DCMAKE_INSTALL_PREFIX=/home/kelly/ros2_ws/install/polygon_plugins
[0.038s] -- The C compiler identification is GNU 13.3.0
[0.075s] -- The CXX compiler identification is GNU 13.3.0
[0.085s] -- Detecting C compiler ABI info
[0.181s] -- Detecting C compiler ABI info - done
[0.195s] -- Check for working C compiler: /usr/bin/cc - skipped
[0.195s] -- Detecting C compile features
[0.195s] -- Detecting C compile features - done
[0.202s] -- Detecting CXX compiler ABI info
[0.302s] -- Detecting CXX compiler ABI info - done
[0.306s] -- Check for working CXX compiler: /usr/bin/c++ - skipped
[0.306s] -- Detecting CXX compile features
[0.307s] -- Detecting CXX compile features - done
[0.308s] -- Found ament_cmake: 2.5.4 (/opt/ros/jazzy/share/ament_cmake/cmake)
[0.410s] -- Found Python3: /usr/bin/python3 (found version "3.12.3") found components: Interpreter 
[0.471s] -- Found ament_cmake_ros: 0.12.0 (/opt/ros/jazzy/share/ament_cmake_ros/cmake)
[0.475s] -- Found polygon_base: 0.0.0 (/home/kelly/ros2_ws/install/polygon_base/share/polygon_base/cmake)
[0.476s] -- Found pluginlib: 5.4.2 (/opt/ros/jazzy/share/pluginlib/cmake)
[0.494s] -- Found TinyXML2 via Config file: /usr/lib/x86_64-linux-gnu/cmake/tinyxml2
[0.496s] -- Found ament_lint_auto: 0.17.3 (/opt/ros/jazzy/share/ament_lint_auto/cmake)
[0.560s] -- Added test 'cppcheck' to perform static code analysis on C / C++ code
[0.560s] -- Configured cppcheck include dirs: $<BUILD_INTERFACE:/home/kelly/ros2_ws/src/polygon_plugins/include>
[0.560s] -- Configured cppcheck exclude dirs and/or files: 
[0.560s] -- Added test 'lint_cmake' to check CMake code style
[0.561s] -- Added test 'uncrustify' to check C / C++ code style
[0.561s] -- Configured uncrustify additional arguments: 
[0.561s] -- Added test 'xmllint' to check XML markup files
[0.562s] -- Configuring done (0.6s)
[0.564s] -- Generating done (0.0s)
[0.565s] -- Build files have been written to: /home/kelly/ros2_ws/build/polygon_plugins
[0.570s] Invoked command in '/home/kelly/ros2_ws/build/polygon_plugins' returned '0': AMENT_PREFIX_PATH=/home/kelly/ros2_ws/install/polygon_base:${AMENT_PREFIX_PATH} CMAKE_PREFIX_PATH=/home/kelly/ros2_ws/install/polygon_base:/home/kelly/ros2_ws/install/tutorial_interfaces:/home/kelly/ros2_ws/install/more_interfaces:/home/kelly/ros2_ws/install/cpp_parameters:/home/kelly/ros2_ws/install/cpp_srvcli:/home/kelly/ros2_ws/install/turtlesim:/home/kelly/ros2_ws/install/my_package:/home/kelly/ros2_ws/install/cpp_pubsub:/opt/ros/jazzy/opt/sdformat_vendor:/opt/ros/jazzy/opt/gz_math_vendor:/opt/ros/jazzy/opt/gz_utils_vendor:/opt/ros/jazzy/opt/gz_tools_vendor:/opt/ros/jazzy/opt/gz_cmake_vendor:/home/kelly/ros2_ws/install/py_pubsub:/opt/ros/jazzy DEBUGINFOD_URLS=https://debuginfod.ubuntu.com /usr/bin/cmake /home/kelly/ros2_ws/src/polygon_plugins -DCMAKE_INSTALL_PREFIX=/home/kelly/ros2_ws/install/polygon_plugins
[0.570s] Invoking command in '/home/kelly/ros2_ws/build/polygon_plugins': AMENT_PREFIX_PATH=/home/kelly/ros2_ws/install/polygon_base:${AMENT_PREFIX_PATH} CMAKE_PREFIX_PATH=/home/kelly/ros2_ws/install/polygon_base:/home/kelly/ros2_ws/install/tutorial_interfaces:/home/kelly/ros2_ws/install/more_interfaces:/home/kelly/ros2_ws/install/cpp_parameters:/home/kelly/ros2_ws/install/cpp_srvcli:/home/kelly/ros2_ws/install/turtlesim:/home/kelly/ros2_ws/install/my_package:/home/kelly/ros2_ws/install/cpp_pubsub:/opt/ros/jazzy/opt/sdformat_vendor:/opt/ros/jazzy/opt/gz_math_vendor:/opt/ros/jazzy/opt/gz_utils_vendor:/opt/ros/jazzy/opt/gz_tools_vendor:/opt/ros/jazzy/opt/gz_cmake_vendor:/home/kelly/ros2_ws/install/py_pubsub:/opt/ros/jazzy DEBUGINFOD_URLS=https://debuginfod.ubuntu.com /usr/bin/cmake --build /home/kelly/ros2_ws/build/polygon_plugins -- -j32 -l32
[0.616s] [ 50%] [32mBuilding CXX object CMakeFiles/polygon_plugins.dir/src/polygon_plugins.cpp.o[0m
[0.744s] [01m[K/home/kelly/ros2_ws/src/polygon_plugins/src/polygon_plugins.cpp:6:24:[m[K [01;31m[Kerror: [m[Kâ€˜[01m[Kpolygon_base[m[Kâ€™ has not been declared
[0.744s]     6 |  class Square : public [01;31m[Kpolygon_base[m[K::RegularPolygon {
[0.744s]       |                        [01;31m[K^~~~~~~~~~~~[m[K
[0.744s] [01m[K/home/kelly/ros2_ws/src/polygon_plugins/src/polygon_plugins.cpp:6:38:[m[K [01;31m[Kerror: [m[Kexpected â€˜[01m[K{[m[Kâ€™ before â€˜[01m[KRegularPolygon[m[Kâ€™
[0.744s]     6 |  class Square : public polygon_base::[01;31m[KRegularPolygon[m[K {
[0.745s]       |                                      [01;31m[K^~~~~~~~~~~~~~[m[K
[0.745s] [01m[K/home/kelly/ros2_ws/src/polygon_plugins/src/polygon_plugins.cpp:7:4:[m[K [01;31m[Kerror: [m[Kexpected primary-expression before â€˜[01m[Kpublic[m[Kâ€™
[0.745s]     7 |    [01;31m[Kpublic[m[K:
[0.745s]       |    [01;31m[K^~~~~~[m[K
[0.745s] [01m[K/home/kelly/ros2_ws/src/polygon_plugins/src/polygon_plugins.cpp:7:4:[m[K [01;31m[Kerror: [m[Kexpected â€˜[01m[K}[m[Kâ€™ before â€˜[01m[Kpublic[m[Kâ€™
[0.745s] [01m[K/home/kelly/ros2_ws/src/polygon_plugins/src/polygon_plugins.cpp:6:53:[m[K [01;36m[Knote: [m[Kto match this â€˜[01m[K{[m[Kâ€™
[0.745s]     6 |  class Square : public polygon_base::RegularPolygon [01;36m[K{[m[K
[0.745s]       |                                                     [01;36m[K^[m[K
[0.745s] [01m[K/home/kelly/ros2_ws/src/polygon_plugins/src/polygon_plugins.cpp:12:26:[m[K [01;31m[Kerror: [m[Kvirt-specifiers in â€˜[01m[Karea[m[Kâ€™ not allowed outside a class definition
[0.745s]    12 |            double area() [01;31m[Koverride[m[K
[0.745s]       |                          [01;31m[K^~~~~~~~[m[K
[0.745s] [01m[K/home/kelly/ros2_ws/src/polygon_plugins/src/polygon_plugins.cpp:[m[K In function â€˜[01m[Kdouble polygon_plugins::[01;32m[Karea[m[K()[m[Kâ€™:
[0.746s] [01m[K/home/kelly/ros2_ws/src/polygon_plugins/src/polygon_plugins.cpp:14:27:[m[K [01;31m[Kerror: [m[Kâ€˜[01m[Kside_length_[m[Kâ€™ was not declared in this scope
[0.746s]    14 |                    return [01;31m[Kside_length_[m[K * side_length_;
[0.746s]       |                           [01;31m[K^~~~~~~~~~~~[m[K
[0.746s] [01m[K/home/kelly/ros2_ws/src/polygon_plugins/src/polygon_plugins.cpp:[m[K At global scope:
[0.746s] [01m[K/home/kelly/ros2_ws/src/polygon_plugins/src/polygon_plugins.cpp:17:5:[m[K [01;31m[Kerror: [m[Kexpected unqualified-id before â€˜[01m[Kprotected[m[Kâ€™
[0.746s]    17 |     [01;31m[Kprotected[m[K:
[0.746s]       |     [01;31m[K^~~~~~~~~[m[K
[0.746s] [01m[K/home/kelly/ros2_ws/src/polygon_plugins/src/polygon_plugins.cpp:21:26:[m[K [01;31m[Kerror: [m[Kâ€˜[01m[Kpolygon_base[m[Kâ€™ has not been declared
[0.746s]    21 |  class Triangle : public [01;31m[Kpolygon_base[m[K::RegularPolygon {
[0.746s]       |                          [01;31m[K^~~~~~~~~~~~[m[K
[0.746s] [01m[K/home/kelly/ros2_ws/src/polygon_plugins/src/polygon_plugins.cpp:21:40:[m[K [01;31m[Kerror: [m[Kexpected â€˜[01m[K{[m[Kâ€™ before â€˜[01m[KRegularPolygon[m[Kâ€™
[0.746s]    21 |  class Triangle : public polygon_base::[01;31m[KRegularPolygon[m[K {
[0.746s]       |                                        [01;31m[K^~~~~~~~~~~~~~[m[K
[0.746s] [01m[K/home/kelly/ros2_ws/src/polygon_plugins/src/polygon_plugins.cpp:23:10:[m[K [01;31m[Kerror: [m[Kexpected primary-expression before â€˜[01m[Kpublic[m[Kâ€™
[0.746s]    23 |          [01;31m[Kpublic[m[K:
[0.746s]       |          [01;31m[K^~~~~~[m[K
[0.746s] [01m[K/home/kelly/ros2_ws/src/polygon_plugins/src/polygon_plugins.cpp:23:10:[m[K [01;31m[Kerror: [m[Kexpected â€˜[01m[K}[m[Kâ€™ before â€˜[01m[Kpublic[m[Kâ€™
[0.746s] [01m[K/home/kelly/ros2_ws/src/polygon_plugins/src/polygon_plugins.cpp:21:55:[m[K [01;36m[Knote: [m[Kto match this â€˜[01m[K{[m[Kâ€™
[0.746s]    21 |  class Triangle : public polygon_base::RegularPolygon [01;36m[K{[m[K
[0.746s]       |                                                       [01;36m[K^[m[K
[0.746s] [01m[K/home/kelly/ros2_ws/src/polygon_plugins/src/polygon_plugins.cpp:28:32:[m[K [01;31m[Kerror: [m[Kvirt-specifiers in â€˜[01m[Karea[m[Kâ€™ not allowed outside a class definition
[0.746s]    28 |                  double area() [01;31m[Koverride[m[K {
[0.746s]       |                                [01;31m[K^~~~~~~~[m[K
[0.747s] [01m[K/home/kelly/ros2_ws/src/polygon_plugins/src/polygon_plugins.cpp:[m[K In function â€˜[01m[Kdouble[01;32m[K area[m[K()[m[Kâ€™:
[0.747s] [01m[K/home/kelly/ros2_ws/src/polygon_plugins/src/polygon_plugins.cpp:29:32:[m[K [01;31m[Kerror: [m[Kâ€˜[01m[Kside_length_[m[Kâ€™ was not declared in this scope
[0.747s]    29 |                   return 0.5 * [01;31m[Kside_length_[m[K * getHeight();
[0.747s]       |                                [01;31m[K^~~~~~~~~~~~[m[K
[0.747s] [01m[K/home/kelly/ros2_ws/src/polygon_plugins/src/polygon_plugins.cpp:29:47:[m[K [01;31m[Kerror: [m[Kâ€˜[01m[KgetHeight[m[Kâ€™ was not declared in this scope
[0.747s]    29 |                   return 0.5 * side_length_ * [01;31m[KgetHeight[m[K();
[0.747s]       |                                               [01;31m[K^~~~~~~~~[m[K
[0.748s] [01m[K/home/kelly/ros2_ws/src/polygon_plugins/src/polygon_plugins.cpp:[m[K In function â€˜[01m[Kdouble[01;32m[K getHeight[m[K()[m[Kâ€™:
[0.748s] [01m[K/home/kelly/ros2_ws/src/polygon_plugins/src/polygon_plugins.cpp:33:32:[m[K [01;31m[Kerror: [m[Kâ€˜[01m[Kside_length_[m[Kâ€™ was not declared in this scope
[0.748s]    33 |                   return sqrt(([01;31m[Kside_length_[m[K * side_length_) - ((side_length_ / 2) * (side_length_ / 2)));
[0.748s]       |                                [01;31m[K^~~~~~~~~~~~[m[K
[0.748s] [01m[K/home/kelly/ros2_ws/src/polygon_plugins/src/polygon_plugins.cpp:[m[K At global scope:
[0.748s] [01m[K/home/kelly/ros2_ws/src/polygon_plugins/src/polygon_plugins.cpp:36:9:[m[K [01;31m[Kerror: [m[Kexpected unqualified-id before â€˜[01m[Kprotected[m[Kâ€™
[0.748s]    36 |         [01;31m[Kprotected[m[K:
[0.749s]       |         [01;31m[K^~~~~~~~~[m[K
[0.749s] [01m[K/home/kelly/ros2_ws/src/polygon_plugins/src/polygon_plugins.cpp:38:2:[m[K [01;31m[Kerror: [m[Kexpected declaration before â€˜[01m[K}[m[Kâ€™ token
[0.749s]    38 |  [01;31m[K}[m[K;
[0.749s]       |  [01;31m[K^[m[K
[0.749s] [01m[K/home/kelly/ros2_ws/src/polygon_plugins/src/polygon_plugins.cpp:40:1:[m[K [01;31m[Kerror: [m[Kexpected declaration before â€˜[01m[K}[m[Kâ€™ token
[0.749s]    40 | [01;31m[K}[m[K// namespace polygon_plugins
[0.749s]       | [01;31m[K^[m[K
[0.877s] In file included from [01m[K/opt/ros/jazzy/include/class_loader/class_loader/class_loader.hpp:56[m[K,
[0.878s]                  from [01m[K/opt/ros/jazzy/include/pluginlib/pluginlib/class_list_macros.hpp:40[m[K,
[0.878s]                  from [01m[K/home/kelly/ros2_ws/src/polygon_plugins/src/polygon_plugins.cpp:43[m[K:
[0.878s] [01m[K/home/kelly/ros2_ws/src/polygon_plugins/src/polygon_plugins.cpp:45:49:[m[K [01;31m[Kerror: [m[Kâ€˜[01m[Kpolygon_base[m[Kâ€™ does not name a type
[0.878s]    45 | PLUGINLIB_EXPORT_CLASS(polygon_plugins::Square, [01;31m[Kpolygon_base[m[K::RegularPolygon)
[0.878s]       |                                                 [01;31m[K^~~~~~~~~~~~[m[K
[0.880s] [01m[K/home/kelly/ros2_ws/src/polygon_plugins/src/polygon_plugins.cpp:[m[K In constructor â€˜[01m[K{anonymous}::ProxyExec0::[01;32m[KProxyExec0[m[K()[m[Kâ€™:
[0.880s] [01m[K/home/kelly/ros2_ws/src/polygon_plugins/src/polygon_plugins.cpp:45:1:[m[K [01;31m[Kerror: [m[Kâ€˜[01m[K_base[m[Kâ€™ was not declared in this scope; did you mean â€˜[01m[K__bases[m[Kâ€™?
[0.880s]    45 | [01;31m[KPLUGINLIB_EXPORT_CLASS[m[K(polygon_plugins::Square, polygon_base::RegularPolygon)
[0.880s]       | [01;31m[K^~~~~~~~~~~~~~~~~~~~~~[m[K
[0.880s] [01m[K/home/kelly/ros2_ws/src/polygon_plugins/src/polygon_plugins.cpp:45:1:[m[K [01;31m[Kerror: [m[Kno matching function for call to â€˜[01m[KregisterPlugin<{anonymous}::ProxyExec0::_derived, <expression error> >(const char [24], const char [29])[m[Kâ€™
[0.880s]    45 | [01;31m[KPLUGINLIB_EXPORT_CLASS[m[K(polygon_plugins::Square, polygon_base::RegularPolygon)
[0.880s]       | [01;31m[K^~~~~~~~~~~~~~~~~~~~~~[m[K
[0.880s] In file included from [01m[K/opt/ros/jazzy/include/class_loader/class_loader/class_loader.hpp:55[m[K:
[0.880s] [01m[K/opt/ros/jazzy/include/class_loader/class_loader/class_loader_core.hpp:241:1:[m[K [01;36m[Knote: [m[Kcandidate: â€˜[01m[Ktemplate<class Derived, class Base> class_loader::impl::UniquePtr<class_loader::impl::AbstractMetaObjectBase> class_loader::impl::[01;32m[KregisterPlugin[m[K(const std::string&, const std::string&)[m[Kâ€™
[0.880s]   241 | [01;36m[KregisterPlugin[m[K(const std::string & class_name, const std::string & base_class_name)
[0.880s]       | [01;36m[K^~~~~~~~~~~~~~[m[K
[0.880s] [01m[K/opt/ros/jazzy/include/class_loader/class_loader/class_loader_core.hpp:241:1:[m[K [01;36m[Knote: [m[K  template argument deduction/substitution failed:
[0.880s] [01m[K/home/kelly/ros2_ws/src/polygon_plugins/src/polygon_plugins.cpp:45:1:[m[K [01;31m[Kerror: [m[Ktemplate argument 2 is invalid
[0.880s]    45 | [01;31m[KPLUGINLIB_EXPORT_CLASS[m[K(polygon_plugins::Square, polygon_base::RegularPolygon)
[0.880s]       | [01;31m[K^~~~~~~~~~~~~~~~~~~~~~[m[K
[0.880s] [01m[K/home/kelly/ros2_ws/src/polygon_plugins/src/polygon_plugins.cpp:[m[K At global scope:
[0.880s] [01m[K/home/kelly/ros2_ws/src/polygon_plugins/src/polygon_plugins.cpp:46:41:[m[K [01;31m[Kerror: [m[Kâ€˜[01m[KTriangle[m[Kâ€™ in namespace â€˜[01m[Kpolygon_plugins[m[Kâ€™ does not name a type
[0.880s]    46 | PLUGINLIB_EXPORT_CLASS(polygon_plugins::[01;31m[KTriangle[m[K, polygon_base::RegularPolygon)
[0.880s]       |                                         [01;31m[K^~~~~~~~[m[K
[0.880s] [01m[K/home/kelly/ros2_ws/src/polygon_plugins/src/polygon_plugins.cpp:46:51:[m[K [01;31m[Kerror: [m[Kâ€˜[01m[Kpolygon_base[m[Kâ€™ does not name a type
[0.880s]    46 | PLUGINLIB_EXPORT_CLASS(polygon_plugins::Triangle, [01;31m[Kpolygon_base[m[K::RegularPolygon)
[0.880s]       |                                                   [01;31m[K^~~~~~~~~~~~[m[K
[0.882s] [01m[K/home/kelly/ros2_ws/src/polygon_plugins/src/polygon_plugins.cpp:[m[K In constructor â€˜[01m[K{anonymous}::ProxyExec1::[01;32m[KProxyExec1[m[K()[m[Kâ€™:
[0.883s] [01m[K/home/kelly/ros2_ws/src/polygon_plugins/src/polygon_plugins.cpp:46:1:[m[K [01;31m[Kerror: [m[Kâ€˜[01m[K_derived[m[Kâ€™ was not declared in this scope
[0.883s]    46 | [01;31m[KPLUGINLIB_EXPORT_CLASS[m[K(polygon_plugins::Triangle, polygon_base::RegularPolygon)
[0.883s]       | [01;31m[K^~~~~~~~~~~~~~~~~~~~~~[m[K
[0.884s] [01m[K/home/kelly/ros2_ws/src/polygon_plugins/src/polygon_plugins.cpp:46:1:[m[K [01;31m[Kerror: [m[Kâ€˜[01m[K_base[m[Kâ€™ was not declared in this scope; did you mean â€˜[01m[K__bases[m[Kâ€™?
[0.884s]    46 | [01;31m[KPLUGINLIB_EXPORT_CLASS[m[K(polygon_plugins::Triangle, polygon_base::RegularPolygon)
[0.884s]       | [01;31m[K^~~~~~~~~~~~~~~~~~~~~~[m[K
[0.884s] [01m[K/home/kelly/ros2_ws/src/polygon_plugins/src/polygon_plugins.cpp:46:1:[m[K [01;31m[Kerror: [m[Kno matching function for call to â€˜[01m[KregisterPlugin<<expression error>, <expression error> >(const char [26], const char [29])[m[Kâ€™
[0.884s]    46 | [01;31m[KPLUGINLIB_EXPORT_CLASS[m[K(polygon_plugins::Triangle, polygon_base::RegularPolygon)
[0.884s]       | [01;31m[K^~~~~~~~~~~~~~~~~~~~~~[m[K
[0.884s] [01m[K/opt/ros/jazzy/include/class_loader/class_loader/class_loader_core.hpp:241:1:[m[K [01;36m[Knote: [m[Kcandidate: â€˜[01m[Ktemplate<class Derived, class Base> class_loader::impl::UniquePtr<class_loader::impl::AbstractMetaObjectBase> class_loader::impl::[01;32m[KregisterPlugin[m[K(const std::string&, const std::string&)[m[Kâ€™
[0.884s]   241 | [01;36m[KregisterPlugin[m[K(const std::string & class_name, const std::string & base_class_name)
[0.884s]       | [01;36m[K^~~~~~~~~~~~~~[m[K
[0.884s] [01m[K/opt/ros/jazzy/include/class_loader/class_loader/class_loader_core.hpp:241:1:[m[K [01;36m[Knote: [m[K  template argument deduction/substitution failed:
[0.884s] [01m[K/home/kelly/ros2_ws/src/polygon_plugins/src/polygon_plugins.cpp:46:1:[m[K [01;31m[Kerror: [m[Ktemplate argument 1 is invalid
[0.885s]    46 | [01;31m[KPLUGINLIB_EXPORT_CLASS[m[K(polygon_plugins::Triangle, polygon_base::RegularPolygon)
[0.885s]       | [01;31m[K^~~~~~~~~~~~~~~~~~~~~~[m[K
[0.885s] [01m[K/home/kelly/ros2_ws/src/polygon_plugins/src/polygon_plugins.cpp:46:1:[m[K [01;31m[Kerror: [m[Ktemplate argument 2 is invalid
[0.924s] gmake[2]: *** [CMakeFiles/polygon_plugins.dir/build.make:76: CMakeFiles/polygon_plugins.dir/src/polygon_plugins.cpp.o] Error 1
[0.924s] gmake[1]: *** [CMakeFiles/Makefile2:137: CMakeFiles/polygon_plugins.dir/all] Error 2
[0.924s] gmake: *** [Makefile:146: all] Error 2
[0.926s] Invoked command in '/home/kelly/ros2_ws/build/polygon_plugins' returned '2': AMENT_PREFIX_PATH=/home/kelly/ros2_ws/install/polygon_base:${AMENT_PREFIX_PATH} CMAKE_PREFIX_PATH=/home/kelly/ros2_ws/install/polygon_base:/home/kelly/ros2_ws/install/tutorial_interfaces:/home/kelly/ros2_ws/install/more_interfaces:/home/kelly/ros2_ws/install/cpp_parameters:/home/kelly/ros2_ws/install/cpp_srvcli:/home/kelly/ros2_ws/install/turtlesim:/home/kelly/ros2_ws/install/my_package:/home/kelly/ros2_ws/install/cpp_pubsub:/opt/ros/jazzy/opt/sdformat_vendor:/opt/ros/jazzy/opt/gz_math_vendor:/opt/ros/jazzy/opt/gz_utils_vendor:/opt/ros/jazzy/opt/gz_tools_vendor:/opt/ros/jazzy/opt/gz_cmake_vendor:/home/kelly/ros2_ws/install/py_pubsub:/opt/ros/jazzy DEBUGINFOD_URLS=https://debuginfod.ubuntu.com /usr/bin/cmake --build /home/kelly/ros2_ws/build/polygon_plugins -- -j32 -l32
