[0.008s] Invoking command in '/home/kelly/ros2_ws/build/cpp_pubsub': AMENT_PREFIX_PATH=/home/kelly/ros2_ws/install/tutorial_interfaces:${AMENT_PREFIX_PATH} CMAKE_PREFIX_PATH=/home/kelly/ros2_ws/install/tutorial_interfaces:/home/kelly/ros2_ws/install/cpp_srvcli:/home/kelly/ros2_ws/install/turtlesim:/home/kelly/ros2_ws/install/my_package:/home/kelly/ros2_ws/install/cpp_pubsub:/opt/ros/jazzy/opt/sdformat_vendor:/opt/ros/jazzy/opt/gz_math_vendor:/opt/ros/jazzy/opt/gz_utils_vendor:/opt/ros/jazzy/opt/gz_tools_vendor:/opt/ros/jazzy/opt/gz_cmake_vendor:/home/kelly/ros2_ws/install/py_pubsub:/opt/ros/jazzy DEBUGINFOD_URLS=https://debuginfod.ubuntu.com LD_LIBRARY_PATH=/home/kelly/ros2_ws/install/tutorial_interfaces/lib:${LD_LIBRARY_PATH} PYTHONPATH=/home/kelly/ros2_ws/install/tutorial_interfaces/lib/python3.12/site-packages:${PYTHONPATH} /usr/bin/cmake --build /home/kelly/ros2_ws/build/cpp_pubsub -- -j32 -l32
[0.024s] -- Found ament_cmake: 2.5.4 (/opt/ros/jazzy/share/ament_cmake/cmake)
[0.146s] -- Found rclcpp: 28.1.11 (/opt/ros/jazzy/share/rclcpp/cmake)
[0.159s] -- Found rosidl_generator_c: 4.6.6 (/opt/ros/jazzy/share/rosidl_generator_c/cmake)
[0.164s] -- Found rosidl_generator_cpp: 4.6.6 (/opt/ros/jazzy/share/rosidl_generator_cpp/cmake)
[0.170s] -- Using all available rosidl_typesupport_c: rosidl_typesupport_fastrtps_c;rosidl_typesupport_introspection_c
[0.176s] -- Using all available rosidl_typesupport_cpp: rosidl_typesupport_fastrtps_cpp;rosidl_typesupport_introspection_cpp
[0.208s] -- Found rmw_implementation_cmake: 7.3.2 (/opt/ros/jazzy/share/rmw_implementation_cmake/cmake)
[0.208s] -- Found rmw_fastrtps_cpp: 8.4.3 (/opt/ros/jazzy/share/rmw_fastrtps_cpp/cmake)
[0.250s] -- Using RMW implementation 'rmw_fastrtps_cpp' as default
[0.283s] -- Found tutorial_interfaces: 0.0.0 (/home/kelly/ros2_ws/install/tutorial_interfaces/share/tutorial_interfaces/cmake)
[0.358s] -- Configuring done (0.3s)
[0.365s] -- Generating done (0.0s)
[0.367s] -- Build files have been written to: /home/kelly/ros2_ws/build/cpp_pubsub
[0.397s] [ 50%] [32mBuilding CXX object CMakeFiles/talker.dir/src/publisher_lambda_function.cpp.o[0m
[0.397s] [ 50%] [32mBuilding CXX object CMakeFiles/listener.dir/src/subscriber_lambda_function.cpp.o[0m
[0.505s] [01m[K/home/kelly/ros2_ws/src/cpp_pubsub/src/subscriber_lambda_function.cpp:30:78:[m[K [01;31m[Kerror: [m[Kmacro "RCLCPP_INFO_STREAM" passed 3 arguments, but takes just 2
[0.505s]    30 |         RCLCPP_INFO_STREAM(this->get_logger(), "I heard: '%s'", msg.num << ""[01;31m[K)[m[K;
[0.505s]       |                                                                              [01;31m[K^[m[K
[0.505s] In file included from [01m[K/opt/ros/jazzy/include/rclcpp/rclcpp/copy_all_parameter_values.hpp:27[m[K,
[0.505s]                  from [01m[K/opt/ros/jazzy/include/rclcpp/rclcpp/rclcpp.hpp:171[m[K,
[0.505s]                  from [01m[K/home/kelly/ros2_ws/src/cpp_pubsub/src/subscriber_lambda_function.cpp:17[m[K:
[0.505s] [01m[K/opt/ros/jazzy/include/rclcpp/rclcpp/logging.hpp:708:[m[K [01;36m[Knote: [m[Kmacro "RCLCPP_INFO_STREAM" defined here
[0.505s]   708 | #define RCLCPP_INFO_STREAM(logger, stream_arg) \
[0.506s]       | 
[1.404s] [01m[K/home/kelly/ros2_ws/src/cpp_pubsub/src/subscriber_lambda_function.cpp:37:24:[m[K [01;31m[Kerror: [m[Kâ€˜[01m[Kstd_msgs[m[Kâ€™ was not declared in this scope
[1.404s]    37 |   rclcpp::Subscription<[01;31m[Kstd_msgs[m[K::msg::String>::SharedPtr subscription_;
[1.404s]       |                        [01;31m[K^~~~~~~~[m[K
[1.404s] [01m[K/home/kelly/ros2_ws/src/cpp_pubsub/src/subscriber_lambda_function.cpp:37:45:[m[K [01;31m[Kerror: [m[Ktemplate argument 1 is invalid
[1.404s]    37 |   rclcpp::Subscription<std_msgs::msg::String[01;31m[K>[m[K::SharedPtr subscription_;
[1.404s]       |                                             [01;31m[K^[m[K
[1.404s] [01m[K/home/kelly/ros2_ws/src/cpp_pubsub/src/subscriber_lambda_function.cpp:37:45:[m[K [01;31m[Kerror: [m[Ktemplate argument 3 is invalid
[1.404s] [01m[K/home/kelly/ros2_ws/src/cpp_pubsub/src/subscriber_lambda_function.cpp:37:45:[m[K [01;31m[Kerror: [m[Ktemplate argument 4 is invalid
[1.404s] [01m[K/home/kelly/ros2_ws/src/cpp_pubsub/src/subscriber_lambda_function.cpp:37:45:[m[K [01;31m[Kerror: [m[Ktemplate argument 5 is invalid
[1.405s] [01m[K/home/kelly/ros2_ws/src/cpp_pubsub/src/subscriber_lambda_function.cpp:37:48:[m[K [01;31m[Kerror: [m[Kexpected â€˜[01m[K;[m[Kâ€™ at end of member declaration
[1.405s]    37 |   rclcpp::Subscription<std_msgs::msg::String>::[01;31m[KSharedPtr[m[K subscription_;
[1.405s]       |                                                [01;31m[K^~~~~~~~~[m[K
[1.405s]       |                                                         [32m[K;[m[K
[1.407s] [01m[K/home/kelly/ros2_ws/src/cpp_pubsub/src/subscriber_lambda_function.cpp:37:58:[m[K [01;31m[Kerror: [m[Kâ€˜[01m[Ksubscription_[m[Kâ€™ does not name a type; did you mean â€˜[01m[Krmw_subscription_t[m[Kâ€™?
[1.407s]    37 |   rclcpp::Subscription<std_msgs::msg::String>::SharedPtr [01;31m[Ksubscription_[m[K;
[1.407s]       |                                                          [01;31m[K^~~~~~~~~~~~~[m[K
[1.407s]       |                                                          [32m[Krmw_subscription_t[m[K
[1.409s] [01m[K/home/kelly/ros2_ws/src/cpp_pubsub/src/publisher_lambda_function.cpp:[m[K In lambda function:
[1.409s] [01m[K/home/kelly/ros2_ws/src/cpp_pubsub/src/publisher_lambda_function.cpp:39:24:[m[K [01;31m[Kerror: [m[Kâ€˜[01m[Kutorial_interfaces[m[Kâ€™ has not been declared
[1.409s]    39 |         auto message = [01;31m[Kutorial_interfaces[m[K::msg::Num();
[1.409s]       |                        [01;31m[K^~~~~~~~~~~~~~~~~~[m[K
[1.409s] [01m[K/home/kelly/ros2_ws/src/cpp_pubsub/src/publisher_lambda_function.cpp:40:29:[m[K [01;31m[Kerror: [m[Kâ€˜[01m[Kclass MinimalPublisher[m[Kâ€™ has no member named â€˜[01m[Kcount[m[Kâ€™; did you mean â€˜[01m[Kcount_[m[Kâ€™?
[1.409s]    40 |         message.num = this->[01;31m[Kcount[m[K++;
[1.409s]       |                             [01;31m[K^~~~~[m[K
[1.409s]       |                             [32m[Kcount_[m[K
[1.412s] [01m[K/home/kelly/ros2_ws/src/cpp_pubsub/src/subscriber_lambda_function.cpp:[m[K In lambda function:
[1.412s] [01m[K/home/kelly/ros2_ws/src/cpp_pubsub/src/subscriber_lambda_function.cpp:30:9:[m[K [01;31m[Kerror: [m[Kâ€˜[01m[KRCLCPP_INFO_STREAM[m[Kâ€™ was not declared in this scope
[1.412s]    30 |         [01;31m[KRCLCPP_INFO_STREAM[m[K(this->get_logger(), "I heard: '%s'", msg.num << "");
[1.412s]       |         [01;31m[K^~~~~~~~~~~~~~~~~~[m[K
[1.412s] [01m[K/home/kelly/ros2_ws/src/cpp_pubsub/src/subscriber_lambda_function.cpp:29:52:[m[K [01;35m[Kwarning: [m[Kunused parameter â€˜[01m[Kmsg[m[Kâ€™ [[01;35m[K]8;;https://gcc.gnu.org/onlinedocs/gcc/Warning-Options.html#index-Wunused-parameter-Wunused-parameter]8;;[m[K]
[1.412s]    29 |       [this]([01;35m[Kconst tutorial_interfaces::msg::Num & msg[m[K) -> void {
[1.412s]       |              [01;35m[K~~~~~~~~~~~~~~~~~~~~~~~~~~~~~~~~~~~~~~^~~[m[K
[1.416s] [01m[K/home/kelly/ros2_ws/src/cpp_pubsub/src/subscriber_lambda_function.cpp:[m[K In constructor â€˜[01m[KMinimalSubscriber::[01;32m[KMinimalSubscriber[m[K()[m[Kâ€™:
[1.416s] [01m[K/home/kelly/ros2_ws/src/cpp_pubsub/src/subscriber_lambda_function.cpp:32:5:[m[K [01;31m[Kerror: [m[Kâ€˜[01m[Ksubscription_[m[Kâ€™ was not declared in this scope; did you mean â€˜[01m[Krmw_subscription_t[m[Kâ€™?
[1.416s]    32 |     [01;31m[Ksubscription_[m[K =
[1.416s]       |     [01;31m[K^~~~~~~~~~~~~[m[K
[1.416s]       |     [32m[Krmw_subscription_t[m[K
[1.846s] gmake[2]: *** [CMakeFiles/talker.dir/build.make:76: CMakeFiles/talker.dir/src/publisher_lambda_function.cpp.o] Error 1
[1.846s] gmake[1]: *** [CMakeFiles/Makefile2:139: CMakeFiles/talker.dir/all] Error 2
[1.846s] gmake[1]: *** Waiting for unfinished jobs....
[2.362s] gmake[2]: *** [CMakeFiles/listener.dir/build.make:76: CMakeFiles/listener.dir/src/subscriber_lambda_function.cpp.o] Error 1
[2.362s] gmake[1]: *** [CMakeFiles/Makefile2:165: CMakeFiles/listener.dir/all] Error 2
[2.363s] gmake: *** [Makefile:146: all] Error 2
[2.364s] Invoked command in '/home/kelly/ros2_ws/build/cpp_pubsub' returned '2': AMENT_PREFIX_PATH=/home/kelly/ros2_ws/install/tutorial_interfaces:${AMENT_PREFIX_PATH} CMAKE_PREFIX_PATH=/home/kelly/ros2_ws/install/tutorial_interfaces:/home/kelly/ros2_ws/install/cpp_srvcli:/home/kelly/ros2_ws/install/turtlesim:/home/kelly/ros2_ws/install/my_package:/home/kelly/ros2_ws/install/cpp_pubsub:/opt/ros/jazzy/opt/sdformat_vendor:/opt/ros/jazzy/opt/gz_math_vendor:/opt/ros/jazzy/opt/gz_utils_vendor:/opt/ros/jazzy/opt/gz_tools_vendor:/opt/ros/jazzy/opt/gz_cmake_vendor:/home/kelly/ros2_ws/install/py_pubsub:/opt/ros/jazzy DEBUGINFOD_URLS=https://debuginfod.ubuntu.com LD_LIBRARY_PATH=/home/kelly/ros2_ws/install/tutorial_interfaces/lib:${LD_LIBRARY_PATH} PYTHONPATH=/home/kelly/ros2_ws/install/tutorial_interfaces/lib/python3.12/site-packages:${PYTHONPATH} /usr/bin/cmake --build /home/kelly/ros2_ws/build/cpp_pubsub -- -j32 -l32
