[01m[K/home/kelly/ros2_ws/src/cpp_pubsub/src/publisher_lambda_function.cpp:[m[K In lambda function:
[01m[K/home/kelly/ros2_ws/src/cpp_pubsub/src/publisher_lambda_function.cpp:40:29:[m[K [01;31m[Kerror: [m[Kâ€˜[01m[Kclass MinimalPublisher[m[Kâ€™ has no member named â€˜[01m[Kcount[m[Kâ€™; did you mean â€˜[01m[Kcount_[m[Kâ€™?
   40 |         message.num = this->[01;31m[Kcount[m[K++;
      |                             [01;31m[K^~~~~[m[K
      |                             [32m[Kcount_[m[K
gmake[2]: *** [CMakeFiles/talker.dir/build.make:76: CMakeFiles/talker.dir/src/publisher_lambda_function.cpp.o] Error 1
gmake[1]: *** [CMakeFiles/Makefile2:139: CMakeFiles/talker.dir/all] Error 2
gmake[1]: *** Waiting for unfinished jobs....
gmake: *** [Makefile:146: all] Error 2
