[0.000000] (-) TimerEvent: {}
[0.000333] (-) JobUnselected: {'identifier': 'cpp_srvcli'}
[0.000358] (-) JobUnselected: {'identifier': 'my_package'}
[0.000374] (-) JobUnselected: {'identifier': 'py_pubsub'}
[0.000386] (-) JobUnselected: {'identifier': 'turtlesim'}
[0.000413] (-) JobUnselected: {'identifier': 'tutorial_interfaces'}
[0.000427] (cpp_pubsub) JobQueued: {'identifier': 'cpp_pubsub', 'dependencies': OrderedDict({'tutorial_interfaces': '/home/kelly/ros2_ws/install/tutorial_interfaces'})}
[0.000446] (cpp_pubsub) JobStarted: {'identifier': 'cpp_pubsub'}
[0.006147] (cpp_pubsub) JobProgress: {'identifier': 'cpp_pubsub', 'progress': 'cmake'}
[0.006501] (cpp_pubsub) JobProgress: {'identifier': 'cpp_pubsub', 'progress': 'build'}
[0.006996] (cpp_pubsub) Command: {'cmd': ['/usr/bin/cmake', '--build', '/home/kelly/ros2_ws/build/cpp_pubsub', '--', '-j32', '-l32'], 'cwd': '/home/kelly/ros2_ws/build/cpp_pubsub', 'env': OrderedDict({'LESSOPEN': '| /usr/bin/lesspipe %s', 'USER': 'kelly', 'GZ_CONFIG_PATH': '/opt/ros/jazzy/opt/sdformat_vendor/share/gz', 'XDG_SESSION_TYPE': 'x11', 'CLUTTER_DISABLE_MIPMAPPED_TEXT': '1', 'SHLVL': '1', 'LD_LIBRARY_PATH': '/home/kelly/ros2_ws/install/tutorial_interfaces/lib:/home/kelly/ros2_ws/install/turtlesim/lib:/opt/ros/jazzy/opt/sdformat_vendor/lib:/opt/ros/jazzy/opt/rviz_ogre_vendor/lib:/opt/ros/jazzy/lib/x86_64-linux-gnu:/opt/ros/jazzy/opt/gz_math_vendor/lib:/opt/ros/jazzy/opt/gz_utils_vendor/lib:/opt/ros/jazzy/opt/gz_tools_vendor/lib:/opt/ros/jazzy/opt/gz_cmake_vendor/lib:/opt/ros/jazzy/lib', 'HOME': '/home/kelly', 'OLDPWD': '/home/kelly/ros2_ws/src/tutorial_interfaces', 'DESKTOP_SESSION': 'ubuntu', 'ROS_PYTHON_VERSION': '3', 'GNOME_SHELL_SESSION_MODE': 'ubuntu', 'GTK_MODULES': 'gail:atk-bridge', 'SYSTEMD_EXEC_PID': '2882', 'GSM_SKIP_SSH_AGENT_WORKAROUND': 'true', 'DBUS_SESSION_BUS_ADDRESS': 'unix:path=/run/user/1000/bus', 'COLORTERM': 'truecolor', 'DEBUGINFOD_URLS': 'https://debuginfod.ubuntu.com', 'COLCON_PREFIX_PATH': '/home/kelly/ros2_ws/install', 'ROS_DISTRO': 'jazzy', 'LOGNAME': 'kelly', '_': '/usr/bin/colcon', 'ROS_VERSION': '2', 'MEMORY_PRESSURE_WATCH': '/sys/fs/cgroup/user.slice/user-1000.slice/user@1000.service/session.slice/org.gnome.Shell@x11.service/memory.pressure', 'XDG_SESSION_CLASS': 'user', 'USERNAME': 'kelly', 'TERM': 'xterm-256color', 'GNOME_DESKTOP_SESSION_ID': 'this-is-deprecated', 'WINDOWPATH': '2', 'PATH': '/opt/ros/jazzy/opt/gz_tools_vendor/bin:/opt/ros/jazzy/bin:/usr/local/sbin:/usr/local/bin:/usr/sbin:/usr/bin:/sbin:/bin:/usr/games:/usr/local/games:/snap/bin:/snap/bin', 'SESSION_MANAGER': 'local/kelly-Linux:@/tmp/.ICE-unix/2851,unix/kelly-Linux:/tmp/.ICE-unix/2851', 'XDG_MENU_PREFIX': 'gnome-', 'GNOME_TERMINAL_SCREEN': '/org/gnome/Terminal/screen/d69ee20f_9521_4097_808f_62d15c0ab143', 'XDG_RUNTIME_DIR': '/run/user/1000', 'DISPLAY': ':1', 'LANG': 'en_US.UTF-8', 'XDG_CURRENT_DESKTOP': 'ubuntu:GNOME', 'XMODIFIERS': '@im=ibus', 'XDG_SESSION_DESKTOP': 'ubuntu', 'XAUTHORITY': '/run/user/1000/gdm/Xauthority', 'LS_COLORS': 'rs=0:di=01;34:ln=01;36:mh=00:pi=40;33:so=01;35:do=01;35:bd=40;33;01:cd=40;33;01:or=40;31;01:mi=00:su=37;41:sg=30;43:ca=00:tw=30;42:ow=34;42:st=37;44:ex=01;32:*.tar=01;31:*.tgz=01;31:*.arc=01;31:*.arj=01;31:*.taz=01;31:*.lha=01;31:*.lz4=01;31:*.lzh=01;31:*.lzma=01;31:*.tlz=01;31:*.txz=01;31:*.tzo=01;31:*.t7z=01;31:*.zip=01;31:*.z=01;31:*.dz=01;31:*.gz=01;31:*.lrz=01;31:*.lz=01;31:*.lzo=01;31:*.xz=01;31:*.zst=01;31:*.tzst=01;31:*.bz2=01;31:*.bz=01;31:*.tbz=01;31:*.tbz2=01;31:*.tz=01;31:*.deb=01;31:*.rpm=01;31:*.jar=01;31:*.war=01;31:*.ear=01;31:*.sar=01;31:*.rar=01;31:*.alz=01;31:*.ace=01;31:*.zoo=01;31:*.cpio=01;31:*.7z=01;31:*.rz=01;31:*.cab=01;31:*.wim=01;31:*.swm=01;31:*.dwm=01;31:*.esd=01;31:*.avif=01;35:*.jpg=01;35:*.jpeg=01;35:*.mjpg=01;35:*.mjpeg=01;35:*.gif=01;35:*.bmp=01;35:*.pbm=01;35:*.pgm=01;35:*.ppm=01;35:*.tga=01;35:*.xbm=01;35:*.xpm=01;35:*.tif=01;35:*.tiff=01;35:*.png=01;35:*.svg=01;35:*.svgz=01;35:*.mng=01;35:*.pcx=01;35:*.mov=01;35:*.mpg=01;35:*.mpeg=01;35:*.m2v=01;35:*.mkv=01;35:*.webm=01;35:*.webp=01;35:*.ogm=01;35:*.mp4=01;35:*.m4v=01;35:*.mp4v=01;35:*.vob=01;35:*.qt=01;35:*.nuv=01;35:*.wmv=01;35:*.asf=01;35:*.rm=01;35:*.rmvb=01;35:*.flc=01;35:*.avi=01;35:*.fli=01;35:*.flv=01;35:*.gl=01;35:*.dl=01;35:*.xcf=01;35:*.xwd=01;35:*.yuv=01;35:*.cgm=01;35:*.emf=01;35:*.ogv=01;35:*.ogx=01;35:*.aac=00;36:*.au=00;36:*.flac=00;36:*.m4a=00;36:*.mid=00;36:*.midi=00;36:*.mka=00;36:*.mp3=00;36:*.mpc=00;36:*.ogg=00;36:*.ra=00;36:*.wav=00;36:*.oga=00;36:*.opus=00;36:*.spx=00;36:*.xspf=00;36:*~=00;90:*#=00;90:*.bak=00;90:*.crdownload=00;90:*.dpkg-dist=00;90:*.dpkg-new=00;90:*.dpkg-old=00;90:*.dpkg-tmp=00;90:*.old=00;90:*.orig=00;90:*.part=00;90:*.rej=00;90:*.rpmnew=00;90:*.rpmorig=00;90:*.rpmsave=00;90:*.swp=00;90:*.tmp=00;90:*.ucf-dist=00;90:*.ucf-new=00;90:*.ucf-old=00;90:', 'GNOME_TERMINAL_SERVICE': ':1.117', 'SSH_AUTH_SOCK': '/run/user/1000/keyring/ssh', 'AMENT_PREFIX_PATH': '/home/kelly/ros2_ws/install/tutorial_interfaces:/home/kelly/ros2_ws/install/cpp_srvcli:/home/kelly/ros2_ws/install/turtlesim:/home/kelly/ros2_ws/install/py_pubsub:/home/kelly/ros2_ws/install/my_package:/home/kelly/ros2_ws/install/cpp_pubsub:/opt/ros/jazzy', 'SHELL': '/bin/bash', 'QT_ACCESSIBILITY': '1', 'GDMSESSION': 'ubuntu', 'LESSCLOSE': '/usr/bin/lesspipe %s %s', 'GPG_AGENT_INFO': '/run/user/1000/gnupg/S.gpg-agent:0:1', 'ROS_AUTOMATIC_DISCOVERY_RANGE': 'SUBNET', 'QT_IM_MODULE': 'ibus', 'PWD': '/home/kelly/ros2_ws/build/cpp_pubsub', 'LC_ALL': 'en_US.UTF-8', 'XDG_CONFIG_DIRS': '/etc/xdg/xdg-ubuntu:/etc/xdg', 'XDG_DATA_DIRS': '/usr/share/ubuntu:/usr/share/gnome:/usr/local/share/:/usr/share/:/var/lib/snapd/desktop', 'PYTHONPATH': '/home/kelly/ros2_ws/install/tutorial_interfaces/lib/python3.12/site-packages:/home/kelly/ros2_ws/install/turtlesim/lib/python3.12/site-packages:/home/kelly/ros2_ws/install/py_pubsub/lib/python3.12/site-packages:/opt/ros/jazzy/lib/python3.12/site-packages', 'COLCON': '1', 'MEMORY_PRESSURE_WRITE': 'c29tZSAyMDAwMDAgMjAwMDAwMAA=', 'VTE_VERSION': '7600', 'CMAKE_PREFIX_PATH': '/home/kelly/ros2_ws/install/tutorial_interfaces:/home/kelly/ros2_ws/install/cpp_srvcli:/home/kelly/ros2_ws/install/turtlesim:/home/kelly/ros2_ws/install/my_package:/home/kelly/ros2_ws/install/cpp_pubsub:/opt/ros/jazzy/opt/sdformat_vendor:/opt/ros/jazzy/opt/gz_math_vendor:/opt/ros/jazzy/opt/gz_utils_vendor:/opt/ros/jazzy/opt/gz_tools_vendor:/opt/ros/jazzy/opt/gz_cmake_vendor:/home/kelly/ros2_ws/install/py_pubsub:/opt/ros/jazzy'}), 'shell': False}
[0.046369] (cpp_pubsub) StdoutLine: {'line': b'[ 50%] \x1b[32mBuilding CXX object CMakeFiles/listener.dir/src/subscriber_lambda_function.cpp.o\x1b[0m\n'}
[0.046746] (cpp_pubsub) StdoutLine: {'line': b'[ 50%] \x1b[32mBuilding CXX object CMakeFiles/talker.dir/src/publisher_lambda_function.cpp.o\x1b[0m\n'}
[0.099888] (-) TimerEvent: {}
[0.142727] (cpp_pubsub) StderrLine: {'line': b'\x1b[01m\x1b[K/home/kelly/ros2_ws/src/cpp_pubsub/src/subscriber_lambda_function.cpp:30:74:\x1b[m\x1b[K \x1b[01;31m\x1b[Kerror: \x1b[m\x1b[Kmacro "RCLCPP_INFO_STREAM" passed 3 arguments, but takes just 2\n'}
[0.142848] (cpp_pubsub) StderrLine: {'line': b'   30 |         RCLCPP_INFO_STREAM(this->get_logger(), "I heard: ", msg.num << ""\x1b[01;31m\x1b[K)\x1b[m\x1b[K;\n'}
[0.142880] (cpp_pubsub) StderrLine: {'line': b'      |                                                                          \x1b[01;31m\x1b[K^\x1b[m\x1b[K\n'}
[0.142905] (cpp_pubsub) StderrLine: {'line': b'In file included from \x1b[01m\x1b[K/opt/ros/jazzy/include/rclcpp/rclcpp/copy_all_parameter_values.hpp:27\x1b[m\x1b[K,\n'}
[0.142930] (cpp_pubsub) StderrLine: {'line': b'                 from \x1b[01m\x1b[K/opt/ros/jazzy/include/rclcpp/rclcpp/rclcpp.hpp:171\x1b[m\x1b[K,\n'}
[0.142955] (cpp_pubsub) StderrLine: {'line': b'                 from \x1b[01m\x1b[K/home/kelly/ros2_ws/src/cpp_pubsub/src/subscriber_lambda_function.cpp:17\x1b[m\x1b[K:\n'}
[0.142979] (cpp_pubsub) StderrLine: {'line': b'\x1b[01m\x1b[K/opt/ros/jazzy/include/rclcpp/rclcpp/logging.hpp:708:\x1b[m\x1b[K \x1b[01;36m\x1b[Knote: \x1b[m\x1b[Kmacro "RCLCPP_INFO_STREAM" defined here\n'}
[0.143004] (cpp_pubsub) StderrLine: {'line': b'  708 | #define RCLCPP_INFO_STREAM(logger, stream_arg) \\\n'}
[0.143030] (cpp_pubsub) StderrLine: {'line': b'      | \n'}
[0.199966] (-) TimerEvent: {}
[0.300145] (-) TimerEvent: {}
[0.400335] (-) TimerEvent: {}
[0.500551] (-) TimerEvent: {}
[0.600729] (-) TimerEvent: {}
[0.700916] (-) TimerEvent: {}
[0.801220] (-) TimerEvent: {}
[0.901422] (-) TimerEvent: {}
[1.001608] (-) TimerEvent: {}
[1.033480] (cpp_pubsub) StderrLine: {'line': b'\x1b[01m\x1b[K/home/kelly/ros2_ws/src/cpp_pubsub/src/publisher_lambda_function.cpp:\x1b[m\x1b[K In lambda function:\n'}
[1.033586] (cpp_pubsub) StderrLine: {'line': b'\x1b[01m\x1b[K/home/kelly/ros2_ws/src/cpp_pubsub/src/publisher_lambda_function.cpp:39:24:\x1b[m\x1b[K \x1b[01;31m\x1b[Kerror: \x1b[m\x1b[K\xe2\x80\x98\x1b[01m\x1b[Kutorial_interfaces\x1b[m\x1b[K\xe2\x80\x99 has not been declared\n'}
[1.033615] (cpp_pubsub) StderrLine: {'line': b'   39 |         auto message = \x1b[01;31m\x1b[Kutorial_interfaces\x1b[m\x1b[K::msg::Num();\n'}
[1.033640] (cpp_pubsub) StderrLine: {'line': b'      |                        \x1b[01;31m\x1b[K^~~~~~~~~~~~~~~~~~\x1b[m\x1b[K\n'}
[1.033663] (cpp_pubsub) StderrLine: {'line': b'\x1b[01m\x1b[K/home/kelly/ros2_ws/src/cpp_pubsub/src/publisher_lambda_function.cpp:40:29:\x1b[m\x1b[K \x1b[01;31m\x1b[Kerror: \x1b[m\x1b[K\xe2\x80\x98\x1b[01m\x1b[Kclass MinimalPublisher\x1b[m\x1b[K\xe2\x80\x99 has no member named \xe2\x80\x98\x1b[01m\x1b[Kcount\x1b[m\x1b[K\xe2\x80\x99; did you mean \xe2\x80\x98\x1b[01m\x1b[Kcount_\x1b[m\x1b[K\xe2\x80\x99?\n'}
[1.033690] (cpp_pubsub) StderrLine: {'line': b'   40 |         message.num = this->\x1b[01;31m\x1b[Kcount\x1b[m\x1b[K++;\n'}
[1.033714] (cpp_pubsub) StderrLine: {'line': b'      |                             \x1b[01;31m\x1b[K^~~~~\x1b[m\x1b[K\n'}
[1.033737] (cpp_pubsub) StderrLine: {'line': b'      |                             \x1b[32m\x1b[Kcount_\x1b[m\x1b[K\n'}
[1.064107] (cpp_pubsub) StderrLine: {'line': b'\x1b[01m\x1b[K/home/kelly/ros2_ws/src/cpp_pubsub/src/subscriber_lambda_function.cpp:37:24:\x1b[m\x1b[K \x1b[01;31m\x1b[Kerror: \x1b[m\x1b[K\xe2\x80\x98\x1b[01m\x1b[Kstd_msgs\x1b[m\x1b[K\xe2\x80\x99 was not declared in this scope\n'}
[1.064208] (cpp_pubsub) StderrLine: {'line': b'   37 |   rclcpp::Subscription<\x1b[01;31m\x1b[Kstd_msgs\x1b[m\x1b[K::msg::String>::SharedPtr subscription_;\n'}
[1.064235] (cpp_pubsub) StderrLine: {'line': b'      |                        \x1b[01;31m\x1b[K^~~~~~~~\x1b[m\x1b[K\n'}
[1.064258] (cpp_pubsub) StderrLine: {'line': b'\x1b[01m\x1b[K/home/kelly/ros2_ws/src/cpp_pubsub/src/subscriber_lambda_function.cpp:37:45:\x1b[m\x1b[K \x1b[01;31m\x1b[Kerror: \x1b[m\x1b[Ktemplate argument 1 is invalid\n'}
[1.064282] (cpp_pubsub) StderrLine: {'line': b'   37 |   rclcpp::Subscription<std_msgs::msg::String\x1b[01;31m\x1b[K>\x1b[m\x1b[K::SharedPtr subscription_;\n'}
[1.064306] (cpp_pubsub) StderrLine: {'line': b'      |                                             \x1b[01;31m\x1b[K^\x1b[m\x1b[K\n'}
[1.064335] (cpp_pubsub) StderrLine: {'line': b'\x1b[01m\x1b[K/home/kelly/ros2_ws/src/cpp_pubsub/src/subscriber_lambda_function.cpp:37:45:\x1b[m\x1b[K \x1b[01;31m\x1b[Kerror: \x1b[m\x1b[Ktemplate argument 3 is invalid\n'}
[1.064359] (cpp_pubsub) StderrLine: {'line': b'\x1b[01m\x1b[K/home/kelly/ros2_ws/src/cpp_pubsub/src/subscriber_lambda_function.cpp:37:45:\x1b[m\x1b[K \x1b[01;31m\x1b[Kerror: \x1b[m\x1b[Ktemplate argument 4 is invalid\n'}
[1.064381] (cpp_pubsub) StderrLine: {'line': b'\x1b[01m\x1b[K/home/kelly/ros2_ws/src/cpp_pubsub/src/subscriber_lambda_function.cpp:37:45:\x1b[m\x1b[K \x1b[01;31m\x1b[Kerror: \x1b[m\x1b[Ktemplate argument 5 is invalid\n'}
[1.064412] (cpp_pubsub) StderrLine: {'line': b'\x1b[01m\x1b[K/home/kelly/ros2_ws/src/cpp_pubsub/src/subscriber_lambda_function.cpp:37:48:\x1b[m\x1b[K \x1b[01;31m\x1b[Kerror: \x1b[m\x1b[Kexpected \xe2\x80\x98\x1b[01m\x1b[K;\x1b[m\x1b[K\xe2\x80\x99 at end of member declaration\n'}
[1.064434] (cpp_pubsub) StderrLine: {'line': b'   37 |   rclcpp::Subscription<std_msgs::msg::String>::\x1b[01;31m\x1b[KSharedPtr\x1b[m\x1b[K subscription_;\n'}
[1.064455] (cpp_pubsub) StderrLine: {'line': b'      |                                                \x1b[01;31m\x1b[K^~~~~~~~~\x1b[m\x1b[K\n'}
[1.064477] (cpp_pubsub) StderrLine: {'line': b'      |                                                         \x1b[32m\x1b[K;\x1b[m\x1b[K\n'}
[1.065212] (cpp_pubsub) StderrLine: {'line': b'\x1b[01m\x1b[K/home/kelly/ros2_ws/src/cpp_pubsub/src/subscriber_lambda_function.cpp:37:58:\x1b[m\x1b[K \x1b[01;31m\x1b[Kerror: \x1b[m\x1b[K\xe2\x80\x98\x1b[01m\x1b[Ksubscription_\x1b[m\x1b[K\xe2\x80\x99 does not name a type; did you mean \xe2\x80\x98\x1b[01m\x1b[Krmw_subscription_t\x1b[m\x1b[K\xe2\x80\x99?\n'}
[1.065237] (cpp_pubsub) StderrLine: {'line': b'   37 |   rclcpp::Subscription<std_msgs::msg::String>::SharedPtr \x1b[01;31m\x1b[Ksubscription_\x1b[m\x1b[K;\n'}
[1.065261] (cpp_pubsub) StderrLine: {'line': b'      |                                                          \x1b[01;31m\x1b[K^~~~~~~~~~~~~\x1b[m\x1b[K\n'}
[1.065283] (cpp_pubsub) StderrLine: {'line': b'      |                                                          \x1b[32m\x1b[Krmw_subscription_t\x1b[m\x1b[K\n'}
[1.070222] (cpp_pubsub) StderrLine: {'line': b'\x1b[01m\x1b[K/home/kelly/ros2_ws/src/cpp_pubsub/src/subscriber_lambda_function.cpp:\x1b[m\x1b[K In lambda function:\n'}
[1.070343] (cpp_pubsub) StderrLine: {'line': b'\x1b[01m\x1b[K/home/kelly/ros2_ws/src/cpp_pubsub/src/subscriber_lambda_function.cpp:30:9:\x1b[m\x1b[K \x1b[01;31m\x1b[Kerror: \x1b[m\x1b[K\xe2\x80\x98\x1b[01m\x1b[KRCLCPP_INFO_STREAM\x1b[m\x1b[K\xe2\x80\x99 was not declared in this scope\n'}
[1.070388] (cpp_pubsub) StderrLine: {'line': b'   30 |         \x1b[01;31m\x1b[KRCLCPP_INFO_STREAM\x1b[m\x1b[K(this->get_logger(), "I heard: ", msg.num << "");\n'}
[1.070429] (cpp_pubsub) StderrLine: {'line': b'      |         \x1b[01;31m\x1b[K^~~~~~~~~~~~~~~~~~\x1b[m\x1b[K\n'}
[1.070467] (cpp_pubsub) StderrLine: {'line': b'\x1b[01m\x1b[K/home/kelly/ros2_ws/src/cpp_pubsub/src/subscriber_lambda_function.cpp:29:52:\x1b[m\x1b[K \x1b[01;35m\x1b[Kwarning: \x1b[m\x1b[Kunused parameter \xe2\x80\x98\x1b[01m\x1b[Kmsg\x1b[m\x1b[K\xe2\x80\x99 [\x1b[01;35m\x1b[K\x1b]8;;https://gcc.gnu.org/onlinedocs/gcc/Warning-Options.html#index-Wunused-parameter\x07-Wunused-parameter\x1b]8;;\x07\x1b[m\x1b[K]\n'}
[1.070514] (cpp_pubsub) StderrLine: {'line': b'   29 |       [this](\x1b[01;35m\x1b[Kconst tutorial_interfaces::msg::Num & msg\x1b[m\x1b[K) -> void {\n'}
[1.070553] (cpp_pubsub) StderrLine: {'line': b'      |              \x1b[01;35m\x1b[K~~~~~~~~~~~~~~~~~~~~~~~~~~~~~~~~~~~~~~^~~\x1b[m\x1b[K\n'}
[1.074143] (cpp_pubsub) StderrLine: {'line': b'\x1b[01m\x1b[K/home/kelly/ros2_ws/src/cpp_pubsub/src/subscriber_lambda_function.cpp:\x1b[m\x1b[K In constructor \xe2\x80\x98\x1b[01m\x1b[KMinimalSubscriber::\x1b[01;32m\x1b[KMinimalSubscriber\x1b[m\x1b[K()\x1b[m\x1b[K\xe2\x80\x99:\n'}
[1.074256] (cpp_pubsub) StderrLine: {'line': b'\x1b[01m\x1b[K/home/kelly/ros2_ws/src/cpp_pubsub/src/subscriber_lambda_function.cpp:32:5:\x1b[m\x1b[K \x1b[01;31m\x1b[Kerror: \x1b[m\x1b[K\xe2\x80\x98\x1b[01m\x1b[Ksubscription_\x1b[m\x1b[K\xe2\x80\x99 was not declared in this scope; did you mean \xe2\x80\x98\x1b[01m\x1b[Krmw_subscription_t\x1b[m\x1b[K\xe2\x80\x99?\n'}
[1.074285] (cpp_pubsub) StderrLine: {'line': b'   32 |     \x1b[01;31m\x1b[Ksubscription_\x1b[m\x1b[K =\n'}
[1.074311] (cpp_pubsub) StderrLine: {'line': b'      |     \x1b[01;31m\x1b[K^~~~~~~~~~~~~\x1b[m\x1b[K\n'}
[1.074339] (cpp_pubsub) StderrLine: {'line': b'      |     \x1b[32m\x1b[Krmw_subscription_t\x1b[m\x1b[K\n'}
[1.101811] (-) TimerEvent: {}
[1.202056] (-) TimerEvent: {}
[1.302313] (-) TimerEvent: {}
[1.402505] (-) TimerEvent: {}
[1.469660] (cpp_pubsub) StderrLine: {'line': b'gmake[2]: *** [CMakeFiles/talker.dir/build.make:76: CMakeFiles/talker.dir/src/publisher_lambda_function.cpp.o] Error 1\n'}
[1.469816] (cpp_pubsub) StderrLine: {'line': b'gmake[1]: *** [CMakeFiles/Makefile2:139: CMakeFiles/talker.dir/all] Error 2\n'}
[1.469845] (cpp_pubsub) StderrLine: {'line': b'gmake[1]: *** Waiting for unfinished jobs....\n'}
[1.502593] (-) TimerEvent: {}
[1.602775] (-) TimerEvent: {}
[1.702953] (-) TimerEvent: {}
[1.803152] (-) TimerEvent: {}
[1.903390] (-) TimerEvent: {}
[1.962969] (cpp_pubsub) StderrLine: {'line': b'gmake[2]: *** [CMakeFiles/listener.dir/build.make:76: CMakeFiles/listener.dir/src/subscriber_lambda_function.cpp.o] Error 1\n'}
[1.963140] (cpp_pubsub) StderrLine: {'line': b'gmake[1]: *** [CMakeFiles/Makefile2:165: CMakeFiles/listener.dir/all] Error 2\n'}
[1.963294] (cpp_pubsub) StderrLine: {'line': b'gmake: *** [Makefile:146: all] Error 2\n'}
[1.964891] (cpp_pubsub) CommandEnded: {'returncode': 2}
[1.968831] (cpp_pubsub) JobEnded: {'identifier': 'cpp_pubsub', 'rc': 2}
[1.979134] (-) EventReactorShutdown: {}
